2020-05-15 02:23:19.799 [HikariPool-1 housekeeper] WARN  com.zaxxer.hikari.pool.HikariPool - HikariPool-1 - Thread starvation or clock leap detected (housekeeper delta=57m29s818ms).
2020-05-15 02:56:35.212 [HikariPool-1 housekeeper] WARN  com.zaxxer.hikari.pool.HikariPool - HikariPool-1 - Thread starvation or clock leap detected (housekeeper delta=32m45s391ms).
2020-05-15 04:57:34.211 [HikariPool-1 housekeeper] WARN  com.zaxxer.hikari.pool.HikariPool - HikariPool-1 - Thread starvation or clock leap detected (housekeeper delta=2h28s990ms).
2020-05-15 05:00:01.004 [HikariPool-1 housekeeper] WARN  com.zaxxer.hikari.pool.HikariPool - HikariPool-1 - Thread starvation or clock leap detected (housekeeper delta=2m26s796ms).
2020-05-15 07:49:00.764 [HikariPool-1 housekeeper] WARN  com.zaxxer.hikari.pool.HikariPool - HikariPool-1 - Thread starvation or clock leap detected (housekeeper delta=2h27s981ms).
2020-05-15 09:45:25.801 [HikariPool-1 housekeeper] WARN  com.zaxxer.hikari.pool.HikariPool - HikariPool-1 - Thread starvation or clock leap detected (housekeeper delta=1h45m24s900ms).
2020-05-15 14:44:26.258 [HikariPool-1 housekeeper] WARN  com.zaxxer.hikari.pool.HikariPool - HikariPool-1 - Thread starvation or clock leap detected (housekeeper delta=24m44s795ms).
2020-05-15 14:44:56.069 [HikariPool-1 housekeeper] WARN  com.zaxxer.hikari.pool.HikariPool - HikariPool-1 - Retrograde clock change detected (housekeeper delta=29s814ms), soft-evicting connections from pool.
2020-05-15 14:47:30.952 [HikariPool-1 housekeeper] WARN  com.zaxxer.hikari.pool.HikariPool - HikariPool-1 - Thread starvation or clock leap detected (housekeeper delta=2m34s885ms).
2020-05-15 17:48:03.741 [http-nio-8001-exec-6] WARN  com.zaxxer.hikari.pool.PoolBase - HikariPool-1 - Failed to validate connection com.mysql.cj.jdbc.ConnectionImpl@2819bd92 (No operations allowed after connection closed.). Possibly consider using a shorter maxLifetime value.
2020-05-15 17:48:03.763 [http-nio-8001-exec-6] WARN  com.zaxxer.hikari.pool.PoolBase - HikariPool-1 - Failed to validate connection com.mysql.cj.jdbc.ConnectionImpl@320ffc28 (No operations allowed after connection closed.). Possibly consider using a shorter maxLifetime value.
2020-05-15 17:48:03.767 [http-nio-8001-exec-6] WARN  com.zaxxer.hikari.pool.PoolBase - HikariPool-1 - Failed to validate connection com.mysql.cj.jdbc.ConnectionImpl@58ccaaff (No operations allowed after connection closed.). Possibly consider using a shorter maxLifetime value.
2020-05-15 17:48:03.772 [http-nio-8001-exec-6] WARN  com.zaxxer.hikari.pool.PoolBase - HikariPool-1 - Failed to validate connection com.mysql.cj.jdbc.ConnectionImpl@3ddc6959 (No operations allowed after connection closed.). Possibly consider using a shorter maxLifetime value.
2020-05-15 17:48:03.779 [http-nio-8001-exec-6] WARN  com.zaxxer.hikari.pool.PoolBase - HikariPool-1 - Failed to validate connection com.mysql.cj.jdbc.ConnectionImpl@76a2a129 (No operations allowed after connection closed.). Possibly consider using a shorter maxLifetime value.
2020-05-15 17:48:03.782 [http-nio-8001-exec-6] WARN  com.zaxxer.hikari.pool.PoolBase - HikariPool-1 - Failed to validate connection com.mysql.cj.jdbc.ConnectionImpl@3b01ed69 (No operations allowed after connection closed.). Possibly consider using a shorter maxLifetime value.
2020-05-15 17:48:03.785 [http-nio-8001-exec-6] WARN  com.zaxxer.hikari.pool.PoolBase - HikariPool-1 - Failed to validate connection com.mysql.cj.jdbc.ConnectionImpl@62733a4 (No operations allowed after connection closed.). Possibly consider using a shorter maxLifetime value.
2020-05-15 17:48:03.789 [http-nio-8001-exec-6] WARN  com.zaxxer.hikari.pool.PoolBase - HikariPool-1 - Failed to validate connection com.mysql.cj.jdbc.ConnectionImpl@586f0498 (No operations allowed after connection closed.). Possibly consider using a shorter maxLifetime value.
2020-05-15 17:48:03.795 [http-nio-8001-exec-6] WARN  com.zaxxer.hikari.pool.PoolBase - HikariPool-1 - Failed to validate connection com.mysql.cj.jdbc.ConnectionImpl@307c2db5 (No operations allowed after connection closed.). Possibly consider using a shorter maxLifetime value.
2020-05-15 17:48:03.808 [http-nio-8001-exec-6] WARN  com.zaxxer.hikari.pool.PoolBase - HikariPool-1 - Failed to validate connection com.mysql.cj.jdbc.ConnectionImpl@1097b4e6 (No operations allowed after connection closed.). Possibly consider using a shorter maxLifetime value.
2020-05-15 20:36:33.324 [main] WARN  com.netflix.config.sources.URLConfigurationSource - No URLs will be polled as dynamic configuration sources.
2020-05-15 20:36:33.328 [main] WARN  com.netflix.config.sources.URLConfigurationSource - No URLs will be polled as dynamic configuration sources.
2020-05-15 21:47:20.738 [main] WARN  com.netflix.config.sources.URLConfigurationSource - No URLs will be polled as dynamic configuration sources.
2020-05-15 21:47:20.743 [main] WARN  com.netflix.config.sources.URLConfigurationSource - No URLs will be polled as dynamic configuration sources.
2020-05-15 23:18:46.764 [HikariPool-1 housekeeper] WARN  com.zaxxer.hikari.pool.HikariPool - HikariPool-1 - Thread starvation or clock leap detected (housekeeper delta=1m15s341ms).
