2020-05-21 09:24:09.469 [http-nio-8001-exec-1] DEBUG c.s.eduservice.mapper.EduCourseMapper.selectList - ==>  Preparing: SELECT id,teacher_id,subject_id,subject_parent_id,title,price,lesson_num,cover,buy_count,view_count,version,status,is_deleted,gmt_create,gmt_modified FROM edu_course WHERE is_deleted=0 ORDER BY id DESC limit 8 
2020-05-21 09:24:09.504 [http-nio-8001-exec-1] DEBUG c.s.eduservice.mapper.EduCourseMapper.selectList - ==> Parameters: 
2020-05-21 09:24:09.734 [http-nio-8001-exec-1] DEBUG c.s.eduservice.mapper.EduCourseMapper.selectList - <==      Total: 8
2020-05-21 09:24:09.763 [http-nio-8001-exec-1] DEBUG c.s.eduservice.mapper.EduTeacherMapper.selectList - ==>  Preparing: SELECT id,name,intro,career,level,avatar,sort,is_deleted,gmt_create,gmt_modified FROM edu_teacher WHERE is_deleted=0 ORDER BY id DESC limit 4 
2020-05-21 09:24:09.766 [http-nio-8001-exec-1] DEBUG c.s.eduservice.mapper.EduTeacherMapper.selectList - ==> Parameters: 
2020-05-21 09:24:09.796 [http-nio-8001-exec-1] DEBUG c.s.eduservice.mapper.EduTeacherMapper.selectList - <==      Total: 4
2020-05-21 09:24:10.644 [http-nio-8001-exec-3] DEBUG c.s.eduservice.mapper.EduCourseMapper.selectList - ==>  Preparing: SELECT id,teacher_id,subject_id,subject_parent_id,title,price,lesson_num,cover,buy_count,view_count,version,status,is_deleted,gmt_create,gmt_modified FROM edu_course WHERE is_deleted=0 ORDER BY id DESC limit 8 
2020-05-21 09:24:10.647 [http-nio-8001-exec-3] DEBUG c.s.eduservice.mapper.EduCourseMapper.selectList - ==> Parameters: 
2020-05-21 09:24:10.665 [http-nio-8001-exec-3] DEBUG c.s.eduservice.mapper.EduCourseMapper.selectList - <==      Total: 8
2020-05-21 09:24:10.668 [http-nio-8001-exec-3] DEBUG c.s.eduservice.mapper.EduTeacherMapper.selectList - ==>  Preparing: SELECT id,name,intro,career,level,avatar,sort,is_deleted,gmt_create,gmt_modified FROM edu_teacher WHERE is_deleted=0 ORDER BY id DESC limit 4 
2020-05-21 09:24:10.669 [http-nio-8001-exec-3] DEBUG c.s.eduservice.mapper.EduTeacherMapper.selectList - ==> Parameters: 
2020-05-21 09:24:10.673 [http-nio-8001-exec-3] DEBUG c.s.eduservice.mapper.EduTeacherMapper.selectList - <==      Total: 4
2020-05-21 10:55:16.993 [http-nio-8001-exec-4] DEBUG c.s.eduservice.mapper.EduCourseMapper.selectList - ==>  Preparing: SELECT id,teacher_id,subject_id,subject_parent_id,title,price,lesson_num,cover,buy_count,view_count,version,status,is_deleted,gmt_create,gmt_modified FROM edu_course WHERE is_deleted=0 ORDER BY id DESC limit 8 
2020-05-21 10:55:17.002 [http-nio-8001-exec-4] DEBUG c.s.eduservice.mapper.EduCourseMapper.selectList - ==> Parameters: 
2020-05-21 10:55:17.080 [http-nio-8001-exec-4] DEBUG c.s.eduservice.mapper.EduCourseMapper.selectList - <==      Total: 8
2020-05-21 10:55:17.095 [http-nio-8001-exec-4] DEBUG c.s.eduservice.mapper.EduTeacherMapper.selectList - ==>  Preparing: SELECT id,name,intro,career,level,avatar,sort,is_deleted,gmt_create,gmt_modified FROM edu_teacher WHERE is_deleted=0 ORDER BY id DESC limit 4 
2020-05-21 10:55:17.095 [http-nio-8001-exec-4] DEBUG c.s.eduservice.mapper.EduTeacherMapper.selectList - ==> Parameters: 
2020-05-21 10:55:17.103 [http-nio-8001-exec-4] DEBUG c.s.eduservice.mapper.EduTeacherMapper.selectList - <==      Total: 4
2020-05-21 10:55:18.394 [http-nio-8001-exec-8] DEBUG c.s.eduservice.mapper.EduCourseMapper.selectList - ==>  Preparing: SELECT id,teacher_id,subject_id,subject_parent_id,title,price,lesson_num,cover,buy_count,view_count,version,status,is_deleted,gmt_create,gmt_modified FROM edu_course WHERE is_deleted=0 ORDER BY id DESC limit 8 
2020-05-21 10:55:18.395 [http-nio-8001-exec-8] DEBUG c.s.eduservice.mapper.EduCourseMapper.selectList - ==> Parameters: 
2020-05-21 10:55:18.402 [http-nio-8001-exec-8] DEBUG c.s.eduservice.mapper.EduCourseMapper.selectList - <==      Total: 8
2020-05-21 10:55:18.407 [http-nio-8001-exec-8] DEBUG c.s.eduservice.mapper.EduTeacherMapper.selectList - ==>  Preparing: SELECT id,name,intro,career,level,avatar,sort,is_deleted,gmt_create,gmt_modified FROM edu_teacher WHERE is_deleted=0 ORDER BY id DESC limit 4 
2020-05-21 10:55:18.407 [http-nio-8001-exec-8] DEBUG c.s.eduservice.mapper.EduTeacherMapper.selectList - ==> Parameters: 
2020-05-21 10:55:18.431 [http-nio-8001-exec-8] DEBUG c.s.eduservice.mapper.EduTeacherMapper.selectList - <==      Total: 4
2020-05-21 14:57:48.726 [http-nio-8001-exec-7] DEBUG c.s.eduservice.mapper.EduChapterMapper.selectList - ==>  Preparing: SELECT id,course_id,title,sort,gmt_create,gmt_modified FROM edu_chapter WHERE (course_id = ?) 
2020-05-21 14:57:48.741 [http-nio-8001-exec-7] DEBUG c.s.eduservice.mapper.EduChapterMapper.selectList - ==> Parameters: 1(String)
2020-05-21 14:57:49.355 [http-nio-8001-exec-7] DEBUG c.s.eduservice.mapper.EduChapterMapper.selectList - <==      Total: 0
2020-05-21 14:57:49.374 [http-nio-8001-exec-7] DEBUG c.shen.eduservice.mapper.EduVideoMapper.selectList - ==>  Preparing: SELECT id,course_id,chapter_id,title,video_source_id,video_original_name,sort,play_count,is_free,duration,status,size,version,gmt_create,gmt_modified FROM edu_video WHERE (course_id = ?) 
2020-05-21 14:57:49.374 [http-nio-8001-exec-7] DEBUG c.shen.eduservice.mapper.EduVideoMapper.selectList - ==> Parameters: 1(String)
2020-05-21 14:57:49.486 [http-nio-8001-exec-7] DEBUG c.shen.eduservice.mapper.EduVideoMapper.selectList - <==      Total: 0
2020-05-21 14:59:03.913 [http-nio-8001-exec-1] DEBUG c.s.eduservice.mapper.EduChapterMapper.selectList - ==>  Preparing: SELECT id,course_id,title,sort,gmt_create,gmt_modified FROM edu_chapter WHERE (course_id = ?) 
2020-05-21 14:59:03.913 [http-nio-8001-exec-1] DEBUG c.s.eduservice.mapper.EduChapterMapper.selectList - ==> Parameters: 1(String)
2020-05-21 14:59:03.915 [http-nio-8001-exec-1] DEBUG c.s.eduservice.mapper.EduChapterMapper.selectList - <==      Total: 0
2020-05-21 14:59:03.917 [http-nio-8001-exec-1] DEBUG c.shen.eduservice.mapper.EduVideoMapper.selectList - ==>  Preparing: SELECT id,course_id,chapter_id,title,video_source_id,video_original_name,sort,play_count,is_free,duration,status,size,version,gmt_create,gmt_modified FROM edu_video WHERE (course_id = ?) 
2020-05-21 14:59:03.929 [http-nio-8001-exec-1] DEBUG c.shen.eduservice.mapper.EduVideoMapper.selectList - ==> Parameters: 1(String)
2020-05-21 14:59:03.930 [http-nio-8001-exec-1] DEBUG c.shen.eduservice.mapper.EduVideoMapper.selectList - <==      Total: 0
2020-05-21 15:06:23.117 [http-nio-8001-exec-5] DEBUG c.s.eduservice.mapper.EduCourseMapper.selectList - ==>  Preparing: SELECT id,teacher_id,subject_id,subject_parent_id,title,price,lesson_num,cover,buy_count,view_count,version,status,is_deleted,gmt_create,gmt_modified FROM edu_course WHERE is_deleted=0 ORDER BY id DESC limit 8 
2020-05-21 15:06:23.118 [http-nio-8001-exec-5] DEBUG c.s.eduservice.mapper.EduCourseMapper.selectList - ==> Parameters: 
2020-05-21 15:06:23.155 [http-nio-8001-exec-5] DEBUG c.s.eduservice.mapper.EduCourseMapper.selectList - <==      Total: 8
2020-05-21 15:06:23.170 [http-nio-8001-exec-5] DEBUG c.s.eduservice.mapper.EduTeacherMapper.selectList - ==>  Preparing: SELECT id,name,intro,career,level,avatar,sort,is_deleted,gmt_create,gmt_modified FROM edu_teacher WHERE is_deleted=0 ORDER BY id DESC limit 4 
2020-05-21 15:06:23.170 [http-nio-8001-exec-5] DEBUG c.s.eduservice.mapper.EduTeacherMapper.selectList - ==> Parameters: 
2020-05-21 15:06:23.177 [http-nio-8001-exec-5] DEBUG c.s.eduservice.mapper.EduTeacherMapper.selectList - <==      Total: 4
2020-05-21 15:06:26.471 [http-nio-8001-exec-8] DEBUG c.s.eduservice.mapper.EduCourseMapper.selectList - ==>  Preparing: SELECT id,teacher_id,subject_id,subject_parent_id,title,price,lesson_num,cover,buy_count,view_count,version,status,is_deleted,gmt_create,gmt_modified FROM edu_course WHERE is_deleted=0 ORDER BY id DESC limit 8 
2020-05-21 15:06:26.471 [http-nio-8001-exec-8] DEBUG c.s.eduservice.mapper.EduCourseMapper.selectList - ==> Parameters: 
2020-05-21 15:06:26.479 [http-nio-8001-exec-8] DEBUG c.s.eduservice.mapper.EduCourseMapper.selectList - <==      Total: 8
2020-05-21 15:06:26.495 [http-nio-8001-exec-8] DEBUG c.s.eduservice.mapper.EduTeacherMapper.selectList - ==>  Preparing: SELECT id,name,intro,career,level,avatar,sort,is_deleted,gmt_create,gmt_modified FROM edu_teacher WHERE is_deleted=0 ORDER BY id DESC limit 4 
2020-05-21 15:06:26.495 [http-nio-8001-exec-8] DEBUG c.s.eduservice.mapper.EduTeacherMapper.selectList - ==> Parameters: 
2020-05-21 15:06:26.499 [http-nio-8001-exec-8] DEBUG c.s.eduservice.mapper.EduTeacherMapper.selectList - <==      Total: 4
2020-05-21 15:08:37.976 [http-nio-8001-exec-7] DEBUG c.s.eduservice.mapper.EduCourseMapper.selectList - ==>  Preparing: SELECT id,teacher_id,subject_id,subject_parent_id,title,price,lesson_num,cover,buy_count,view_count,version,status,is_deleted,gmt_create,gmt_modified FROM edu_course WHERE is_deleted=0 ORDER BY id DESC limit 8 
2020-05-21 15:08:37.977 [http-nio-8001-exec-7] DEBUG c.s.eduservice.mapper.EduCourseMapper.selectList - ==> Parameters: 
2020-05-21 15:08:37.979 [http-nio-8001-exec-7] DEBUG c.s.eduservice.mapper.EduCourseMapper.selectList - <==      Total: 8
2020-05-21 15:08:37.991 [http-nio-8001-exec-7] DEBUG c.s.eduservice.mapper.EduTeacherMapper.selectList - ==>  Preparing: SELECT id,name,intro,career,level,avatar,sort,is_deleted,gmt_create,gmt_modified FROM edu_teacher WHERE is_deleted=0 ORDER BY id DESC limit 4 
2020-05-21 15:08:37.991 [http-nio-8001-exec-7] DEBUG c.s.eduservice.mapper.EduTeacherMapper.selectList - ==> Parameters: 
2020-05-21 15:08:37.994 [http-nio-8001-exec-7] DEBUG c.s.eduservice.mapper.EduTeacherMapper.selectList - <==      Total: 4
2020-05-21 15:12:46.940 [http-nio-8001-exec-6] DEBUG c.s.eduservice.mapper.EduCourseMapper.selectList - ==>  Preparing: SELECT id,teacher_id,subject_id,subject_parent_id,title,price,lesson_num,cover,buy_count,view_count,version,status,is_deleted,gmt_create,gmt_modified FROM edu_course WHERE is_deleted=0 ORDER BY id DESC limit 8 
2020-05-21 15:12:46.944 [http-nio-8001-exec-6] DEBUG c.s.eduservice.mapper.EduCourseMapper.selectList - ==> Parameters: 
2020-05-21 15:12:46.953 [http-nio-8001-exec-6] DEBUG c.s.eduservice.mapper.EduCourseMapper.selectList - <==      Total: 8
2020-05-21 15:12:46.989 [http-nio-8001-exec-6] DEBUG c.s.eduservice.mapper.EduTeacherMapper.selectList - ==>  Preparing: SELECT id,name,intro,career,level,avatar,sort,is_deleted,gmt_create,gmt_modified FROM edu_teacher WHERE is_deleted=0 ORDER BY id DESC limit 4 
2020-05-21 15:12:46.990 [http-nio-8001-exec-6] DEBUG c.s.eduservice.mapper.EduTeacherMapper.selectList - ==> Parameters: 
2020-05-21 15:12:47.015 [http-nio-8001-exec-6] DEBUG c.s.eduservice.mapper.EduTeacherMapper.selectList - <==      Total: 4
2020-05-21 15:16:23.462 [http-nio-8001-exec-9] DEBUG c.s.eduservice.mapper.EduCourseMapper.selectList - ==>  Preparing: SELECT id,teacher_id,subject_id,subject_parent_id,title,price,lesson_num,cover,buy_count,view_count,version,status,is_deleted,gmt_create,gmt_modified FROM edu_course WHERE is_deleted=0 ORDER BY id DESC limit 8 
2020-05-21 15:16:23.464 [http-nio-8001-exec-9] DEBUG c.s.eduservice.mapper.EduCourseMapper.selectList - ==> Parameters: 
2020-05-21 15:16:23.471 [http-nio-8001-exec-9] DEBUG c.s.eduservice.mapper.EduCourseMapper.selectList - <==      Total: 8
2020-05-21 15:16:23.478 [http-nio-8001-exec-9] DEBUG c.s.eduservice.mapper.EduTeacherMapper.selectList - ==>  Preparing: SELECT id,name,intro,career,level,avatar,sort,is_deleted,gmt_create,gmt_modified FROM edu_teacher WHERE is_deleted=0 ORDER BY id DESC limit 4 
2020-05-21 15:16:23.478 [http-nio-8001-exec-9] DEBUG c.s.eduservice.mapper.EduTeacherMapper.selectList - ==> Parameters: 
2020-05-21 15:16:23.487 [http-nio-8001-exec-9] DEBUG c.s.eduservice.mapper.EduTeacherMapper.selectList - <==      Total: 4
2020-05-21 15:16:51.920 [http-nio-8001-exec-10] DEBUG c.s.eduservice.mapper.EduCourseMapper.selectList - ==>  Preparing: SELECT id,teacher_id,subject_id,subject_parent_id,title,price,lesson_num,cover,buy_count,view_count,version,status,is_deleted,gmt_create,gmt_modified FROM edu_course WHERE is_deleted=0 ORDER BY id DESC limit 8 
2020-05-21 15:16:51.921 [http-nio-8001-exec-10] DEBUG c.s.eduservice.mapper.EduCourseMapper.selectList - ==> Parameters: 
2020-05-21 15:16:51.928 [http-nio-8001-exec-10] DEBUG c.s.eduservice.mapper.EduCourseMapper.selectList - <==      Total: 8
2020-05-21 15:16:51.935 [http-nio-8001-exec-10] DEBUG c.s.eduservice.mapper.EduTeacherMapper.selectList - ==>  Preparing: SELECT id,name,intro,career,level,avatar,sort,is_deleted,gmt_create,gmt_modified FROM edu_teacher WHERE is_deleted=0 ORDER BY id DESC limit 4 
2020-05-21 15:16:51.937 [http-nio-8001-exec-10] DEBUG c.s.eduservice.mapper.EduTeacherMapper.selectList - ==> Parameters: 
2020-05-21 15:16:51.940 [http-nio-8001-exec-10] DEBUG c.s.eduservice.mapper.EduTeacherMapper.selectList - <==      Total: 4
2020-05-21 15:17:30.050 [http-nio-8001-exec-1] DEBUG c.s.eduservice.mapper.EduCourseMapper.selectList - ==>  Preparing: SELECT id,teacher_id,subject_id,subject_parent_id,title,price,lesson_num,cover,buy_count,view_count,version,status,is_deleted,gmt_create,gmt_modified FROM edu_course WHERE is_deleted=0 ORDER BY id DESC limit 8 
2020-05-21 15:17:30.052 [http-nio-8001-exec-1] DEBUG c.s.eduservice.mapper.EduCourseMapper.selectList - ==> Parameters: 
2020-05-21 15:17:30.060 [http-nio-8001-exec-1] DEBUG c.s.eduservice.mapper.EduCourseMapper.selectList - <==      Total: 8
2020-05-21 15:17:30.064 [http-nio-8001-exec-1] DEBUG c.s.eduservice.mapper.EduTeacherMapper.selectList - ==>  Preparing: SELECT id,name,intro,career,level,avatar,sort,is_deleted,gmt_create,gmt_modified FROM edu_teacher WHERE is_deleted=0 ORDER BY id DESC limit 4 
2020-05-21 15:17:30.064 [http-nio-8001-exec-1] DEBUG c.s.eduservice.mapper.EduTeacherMapper.selectList - ==> Parameters: 
2020-05-21 15:17:30.066 [http-nio-8001-exec-1] DEBUG c.s.eduservice.mapper.EduTeacherMapper.selectList - <==      Total: 4
2020-05-21 15:18:01.052 [http-nio-8001-exec-2] DEBUG c.s.eduservice.mapper.EduCourseMapper.selectList - ==>  Preparing: SELECT id,teacher_id,subject_id,subject_parent_id,title,price,lesson_num,cover,buy_count,view_count,version,status,is_deleted,gmt_create,gmt_modified FROM edu_course WHERE is_deleted=0 ORDER BY id DESC limit 8 
2020-05-21 15:18:01.053 [http-nio-8001-exec-2] DEBUG c.s.eduservice.mapper.EduCourseMapper.selectList - ==> Parameters: 
2020-05-21 15:18:01.055 [http-nio-8001-exec-2] DEBUG c.s.eduservice.mapper.EduCourseMapper.selectList - <==      Total: 8
2020-05-21 15:18:01.067 [http-nio-8001-exec-2] DEBUG c.s.eduservice.mapper.EduTeacherMapper.selectList - ==>  Preparing: SELECT id,name,intro,career,level,avatar,sort,is_deleted,gmt_create,gmt_modified FROM edu_teacher WHERE is_deleted=0 ORDER BY id DESC limit 4 
2020-05-21 15:18:01.069 [http-nio-8001-exec-2] DEBUG c.s.eduservice.mapper.EduTeacherMapper.selectList - ==> Parameters: 
2020-05-21 15:18:01.074 [http-nio-8001-exec-2] DEBUG c.s.eduservice.mapper.EduTeacherMapper.selectList - <==      Total: 4
2020-05-21 15:18:02.506 [http-nio-8001-exec-4] DEBUG c.s.eduservice.mapper.EduCourseMapper.selectList - ==>  Preparing: SELECT id,teacher_id,subject_id,subject_parent_id,title,price,lesson_num,cover,buy_count,view_count,version,status,is_deleted,gmt_create,gmt_modified FROM edu_course WHERE is_deleted=0 ORDER BY id DESC limit 8 
2020-05-21 15:18:02.507 [http-nio-8001-exec-4] DEBUG c.s.eduservice.mapper.EduCourseMapper.selectList - ==> Parameters: 
2020-05-21 15:18:02.511 [http-nio-8001-exec-4] DEBUG c.s.eduservice.mapper.EduCourseMapper.selectList - <==      Total: 8
2020-05-21 15:18:02.516 [http-nio-8001-exec-4] DEBUG c.s.eduservice.mapper.EduTeacherMapper.selectList - ==>  Preparing: SELECT id,name,intro,career,level,avatar,sort,is_deleted,gmt_create,gmt_modified FROM edu_teacher WHERE is_deleted=0 ORDER BY id DESC limit 4 
2020-05-21 15:18:02.516 [http-nio-8001-exec-4] DEBUG c.s.eduservice.mapper.EduTeacherMapper.selectList - ==> Parameters: 
2020-05-21 15:18:02.519 [http-nio-8001-exec-4] DEBUG c.s.eduservice.mapper.EduTeacherMapper.selectList - <==      Total: 4
2020-05-21 15:18:31.545 [http-nio-8001-exec-5] DEBUG c.s.eduservice.mapper.EduCourseMapper.selectList - ==>  Preparing: SELECT id,teacher_id,subject_id,subject_parent_id,title,price,lesson_num,cover,buy_count,view_count,version,status,is_deleted,gmt_create,gmt_modified FROM edu_course WHERE is_deleted=0 ORDER BY id DESC limit 8 
2020-05-21 15:18:31.546 [http-nio-8001-exec-5] DEBUG c.s.eduservice.mapper.EduCourseMapper.selectList - ==> Parameters: 
2020-05-21 15:18:31.551 [http-nio-8001-exec-5] DEBUG c.s.eduservice.mapper.EduCourseMapper.selectList - <==      Total: 8
2020-05-21 15:18:31.565 [http-nio-8001-exec-5] DEBUG c.s.eduservice.mapper.EduTeacherMapper.selectList - ==>  Preparing: SELECT id,name,intro,career,level,avatar,sort,is_deleted,gmt_create,gmt_modified FROM edu_teacher WHERE is_deleted=0 ORDER BY id DESC limit 4 
2020-05-21 15:18:31.565 [http-nio-8001-exec-5] DEBUG c.s.eduservice.mapper.EduTeacherMapper.selectList - ==> Parameters: 
2020-05-21 15:18:31.567 [http-nio-8001-exec-5] DEBUG c.s.eduservice.mapper.EduTeacherMapper.selectList - <==      Total: 4
2020-05-21 15:27:47.779 [http-nio-8001-exec-8] DEBUG c.s.eduservice.mapper.EduCourseMapper.selectList - ==>  Preparing: SELECT id,teacher_id,subject_id,subject_parent_id,title,price,lesson_num,cover,buy_count,view_count,version,status,is_deleted,gmt_create,gmt_modified FROM edu_course WHERE is_deleted=0 ORDER BY id DESC limit 8 
2020-05-21 15:27:47.779 [http-nio-8001-exec-8] DEBUG c.s.eduservice.mapper.EduCourseMapper.selectList - ==> Parameters: 
2020-05-21 15:27:47.782 [http-nio-8001-exec-8] DEBUG c.s.eduservice.mapper.EduCourseMapper.selectList - <==      Total: 8
2020-05-21 15:27:47.791 [http-nio-8001-exec-8] DEBUG c.s.eduservice.mapper.EduTeacherMapper.selectList - ==>  Preparing: SELECT id,name,intro,career,level,avatar,sort,is_deleted,gmt_create,gmt_modified FROM edu_teacher WHERE is_deleted=0 ORDER BY id DESC limit 4 
2020-05-21 15:27:47.791 [http-nio-8001-exec-8] DEBUG c.s.eduservice.mapper.EduTeacherMapper.selectList - ==> Parameters: 
2020-05-21 15:27:47.795 [http-nio-8001-exec-8] DEBUG c.s.eduservice.mapper.EduTeacherMapper.selectList - <==      Total: 4
2020-05-21 15:27:49.961 [http-nio-8001-exec-7] DEBUG c.s.eduservice.mapper.EduCourseMapper.selectList - ==>  Preparing: SELECT id,teacher_id,subject_id,subject_parent_id,title,price,lesson_num,cover,buy_count,view_count,version,status,is_deleted,gmt_create,gmt_modified FROM edu_course WHERE is_deleted=0 ORDER BY id DESC limit 8 
2020-05-21 15:27:49.962 [http-nio-8001-exec-7] DEBUG c.s.eduservice.mapper.EduCourseMapper.selectList - ==> Parameters: 
2020-05-21 15:27:49.971 [http-nio-8001-exec-7] DEBUG c.s.eduservice.mapper.EduCourseMapper.selectList - <==      Total: 8
2020-05-21 15:27:49.976 [http-nio-8001-exec-7] DEBUG c.s.eduservice.mapper.EduTeacherMapper.selectList - ==>  Preparing: SELECT id,name,intro,career,level,avatar,sort,is_deleted,gmt_create,gmt_modified FROM edu_teacher WHERE is_deleted=0 ORDER BY id DESC limit 4 
2020-05-21 15:27:49.976 [http-nio-8001-exec-7] DEBUG c.s.eduservice.mapper.EduTeacherMapper.selectList - ==> Parameters: 
2020-05-21 15:27:49.985 [http-nio-8001-exec-7] DEBUG c.s.eduservice.mapper.EduTeacherMapper.selectList - <==      Total: 4
2020-05-21 16:03:41.135 [http-nio-8001-exec-6] DEBUG c.s.eduservice.mapper.EduCourseMapper.selectList - ==>  Preparing: SELECT id,teacher_id,subject_id,subject_parent_id,title,price,lesson_num,cover,buy_count,view_count,version,status,is_deleted,gmt_create,gmt_modified FROM edu_course WHERE is_deleted=0 ORDER BY id DESC limit 8 
2020-05-21 16:03:41.136 [http-nio-8001-exec-6] DEBUG c.s.eduservice.mapper.EduCourseMapper.selectList - ==> Parameters: 
2020-05-21 16:03:41.170 [http-nio-8001-exec-6] DEBUG c.s.eduservice.mapper.EduCourseMapper.selectList - <==      Total: 8
2020-05-21 16:03:41.179 [http-nio-8001-exec-6] DEBUG c.s.eduservice.mapper.EduTeacherMapper.selectList - ==>  Preparing: SELECT id,name,intro,career,level,avatar,sort,is_deleted,gmt_create,gmt_modified FROM edu_teacher WHERE is_deleted=0 ORDER BY id DESC limit 4 
2020-05-21 16:03:41.179 [http-nio-8001-exec-6] DEBUG c.s.eduservice.mapper.EduTeacherMapper.selectList - ==> Parameters: 
2020-05-21 16:03:41.187 [http-nio-8001-exec-6] DEBUG c.s.eduservice.mapper.EduTeacherMapper.selectList - <==      Total: 4
2020-05-21 16:03:42.225 [http-nio-8001-exec-10] DEBUG c.s.eduservice.mapper.EduCourseMapper.selectList - ==>  Preparing: SELECT id,teacher_id,subject_id,subject_parent_id,title,price,lesson_num,cover,buy_count,view_count,version,status,is_deleted,gmt_create,gmt_modified FROM edu_course WHERE is_deleted=0 ORDER BY id DESC limit 8 
2020-05-21 16:03:42.225 [http-nio-8001-exec-10] DEBUG c.s.eduservice.mapper.EduCourseMapper.selectList - ==> Parameters: 
2020-05-21 16:03:42.230 [http-nio-8001-exec-10] DEBUG c.s.eduservice.mapper.EduCourseMapper.selectList - <==      Total: 8
2020-05-21 16:03:42.239 [http-nio-8001-exec-10] DEBUG c.s.eduservice.mapper.EduTeacherMapper.selectList - ==>  Preparing: SELECT id,name,intro,career,level,avatar,sort,is_deleted,gmt_create,gmt_modified FROM edu_teacher WHERE is_deleted=0 ORDER BY id DESC limit 4 
2020-05-21 16:03:42.239 [http-nio-8001-exec-10] DEBUG c.s.eduservice.mapper.EduTeacherMapper.selectList - ==> Parameters: 
2020-05-21 16:03:42.241 [http-nio-8001-exec-10] DEBUG c.s.eduservice.mapper.EduTeacherMapper.selectList - <==      Total: 4
2020-05-21 16:30:41.166 [http-nio-8001-exec-1] DEBUG c.s.eduservice.mapper.EduCourseMapper.selectList - ==>  Preparing: SELECT id,teacher_id,subject_id,subject_parent_id,title,price,lesson_num,cover,buy_count,view_count,version,status,is_deleted,gmt_create,gmt_modified FROM edu_course WHERE is_deleted=0 ORDER BY id DESC limit 8 
2020-05-21 16:30:41.173 [http-nio-8001-exec-1] DEBUG c.s.eduservice.mapper.EduCourseMapper.selectList - ==> Parameters: 
2020-05-21 16:30:41.193 [http-nio-8001-exec-1] DEBUG c.s.eduservice.mapper.EduCourseMapper.selectList - <==      Total: 8
2020-05-21 16:30:41.200 [http-nio-8001-exec-1] DEBUG c.s.eduservice.mapper.EduTeacherMapper.selectList - ==>  Preparing: SELECT id,name,intro,career,level,avatar,sort,is_deleted,gmt_create,gmt_modified FROM edu_teacher WHERE is_deleted=0 ORDER BY id DESC limit 4 
2020-05-21 16:30:41.201 [http-nio-8001-exec-1] DEBUG c.s.eduservice.mapper.EduTeacherMapper.selectList - ==> Parameters: 
2020-05-21 16:30:41.209 [http-nio-8001-exec-1] DEBUG c.s.eduservice.mapper.EduTeacherMapper.selectList - <==      Total: 4
2020-05-21 16:30:43.001 [http-nio-8001-exec-2] DEBUG c.s.eduservice.mapper.EduCourseMapper.selectList - ==>  Preparing: SELECT id,teacher_id,subject_id,subject_parent_id,title,price,lesson_num,cover,buy_count,view_count,version,status,is_deleted,gmt_create,gmt_modified FROM edu_course WHERE is_deleted=0 ORDER BY id DESC limit 8 
2020-05-21 16:30:43.001 [http-nio-8001-exec-2] DEBUG c.s.eduservice.mapper.EduCourseMapper.selectList - ==> Parameters: 
2020-05-21 16:30:43.013 [http-nio-8001-exec-2] DEBUG c.s.eduservice.mapper.EduCourseMapper.selectList - <==      Total: 8
2020-05-21 16:30:43.021 [http-nio-8001-exec-2] DEBUG c.s.eduservice.mapper.EduTeacherMapper.selectList - ==>  Preparing: SELECT id,name,intro,career,level,avatar,sort,is_deleted,gmt_create,gmt_modified FROM edu_teacher WHERE is_deleted=0 ORDER BY id DESC limit 4 
2020-05-21 16:30:43.021 [http-nio-8001-exec-2] DEBUG c.s.eduservice.mapper.EduTeacherMapper.selectList - ==> Parameters: 
2020-05-21 16:30:43.026 [http-nio-8001-exec-2] DEBUG c.s.eduservice.mapper.EduTeacherMapper.selectList - <==      Total: 4
2020-05-21 16:33:05.200 [http-nio-8001-exec-3] DEBUG c.s.eduservice.mapper.EduCourseMapper.selectList - ==>  Preparing: SELECT id,teacher_id,subject_id,subject_parent_id,title,price,lesson_num,cover,buy_count,view_count,version,status,is_deleted,gmt_create,gmt_modified FROM edu_course WHERE is_deleted=0 ORDER BY id DESC limit 8 
2020-05-21 16:33:05.200 [http-nio-8001-exec-3] DEBUG c.s.eduservice.mapper.EduCourseMapper.selectList - ==> Parameters: 
2020-05-21 16:33:05.206 [http-nio-8001-exec-3] DEBUG c.s.eduservice.mapper.EduCourseMapper.selectList - <==      Total: 8
2020-05-21 16:33:05.212 [http-nio-8001-exec-3] DEBUG c.s.eduservice.mapper.EduTeacherMapper.selectList - ==>  Preparing: SELECT id,name,intro,career,level,avatar,sort,is_deleted,gmt_create,gmt_modified FROM edu_teacher WHERE is_deleted=0 ORDER BY id DESC limit 4 
2020-05-21 16:33:05.212 [http-nio-8001-exec-3] DEBUG c.s.eduservice.mapper.EduTeacherMapper.selectList - ==> Parameters: 
2020-05-21 16:33:05.214 [http-nio-8001-exec-3] DEBUG c.s.eduservice.mapper.EduTeacherMapper.selectList - <==      Total: 4
2020-05-21 16:33:06.273 [http-nio-8001-exec-4] DEBUG c.s.eduservice.mapper.EduCourseMapper.selectList - ==>  Preparing: SELECT id,teacher_id,subject_id,subject_parent_id,title,price,lesson_num,cover,buy_count,view_count,version,status,is_deleted,gmt_create,gmt_modified FROM edu_course WHERE is_deleted=0 ORDER BY id DESC limit 8 
2020-05-21 16:33:06.273 [http-nio-8001-exec-4] DEBUG c.s.eduservice.mapper.EduCourseMapper.selectList - ==> Parameters: 
2020-05-21 16:33:06.281 [http-nio-8001-exec-4] DEBUG c.s.eduservice.mapper.EduCourseMapper.selectList - <==      Total: 8
2020-05-21 16:33:06.285 [http-nio-8001-exec-4] DEBUG c.s.eduservice.mapper.EduTeacherMapper.selectList - ==>  Preparing: SELECT id,name,intro,career,level,avatar,sort,is_deleted,gmt_create,gmt_modified FROM edu_teacher WHERE is_deleted=0 ORDER BY id DESC limit 4 
2020-05-21 16:33:06.285 [http-nio-8001-exec-4] DEBUG c.s.eduservice.mapper.EduTeacherMapper.selectList - ==> Parameters: 
2020-05-21 16:33:06.289 [http-nio-8001-exec-4] DEBUG c.s.eduservice.mapper.EduTeacherMapper.selectList - <==      Total: 4
2020-05-21 16:33:20.340 [http-nio-8001-exec-5] DEBUG c.s.eduservice.mapper.EduCourseMapper.selectList - ==>  Preparing: SELECT id,teacher_id,subject_id,subject_parent_id,title,price,lesson_num,cover,buy_count,view_count,version,status,is_deleted,gmt_create,gmt_modified FROM edu_course WHERE is_deleted=0 ORDER BY id DESC limit 8 
2020-05-21 16:33:20.340 [http-nio-8001-exec-5] DEBUG c.s.eduservice.mapper.EduCourseMapper.selectList - ==> Parameters: 
2020-05-21 16:33:20.345 [http-nio-8001-exec-5] DEBUG c.s.eduservice.mapper.EduCourseMapper.selectList - <==      Total: 8
2020-05-21 16:33:20.348 [http-nio-8001-exec-5] DEBUG c.s.eduservice.mapper.EduTeacherMapper.selectList - ==>  Preparing: SELECT id,name,intro,career,level,avatar,sort,is_deleted,gmt_create,gmt_modified FROM edu_teacher WHERE is_deleted=0 ORDER BY id DESC limit 4 
2020-05-21 16:33:20.348 [http-nio-8001-exec-5] DEBUG c.s.eduservice.mapper.EduTeacherMapper.selectList - ==> Parameters: 
2020-05-21 16:33:20.350 [http-nio-8001-exec-5] DEBUG c.s.eduservice.mapper.EduTeacherMapper.selectList - <==      Total: 4
2020-05-21 16:33:21.145 [http-nio-8001-exec-8] DEBUG c.s.eduservice.mapper.EduCourseMapper.selectList - ==>  Preparing: SELECT id,teacher_id,subject_id,subject_parent_id,title,price,lesson_num,cover,buy_count,view_count,version,status,is_deleted,gmt_create,gmt_modified FROM edu_course WHERE is_deleted=0 ORDER BY id DESC limit 8 
2020-05-21 16:33:21.146 [http-nio-8001-exec-8] DEBUG c.s.eduservice.mapper.EduCourseMapper.selectList - ==> Parameters: 
2020-05-21 16:33:21.154 [http-nio-8001-exec-8] DEBUG c.s.eduservice.mapper.EduCourseMapper.selectList - <==      Total: 8
2020-05-21 16:33:21.165 [http-nio-8001-exec-8] DEBUG c.s.eduservice.mapper.EduTeacherMapper.selectList - ==>  Preparing: SELECT id,name,intro,career,level,avatar,sort,is_deleted,gmt_create,gmt_modified FROM edu_teacher WHERE is_deleted=0 ORDER BY id DESC limit 4 
2020-05-21 16:33:21.167 [http-nio-8001-exec-8] DEBUG c.s.eduservice.mapper.EduTeacherMapper.selectList - ==> Parameters: 
2020-05-21 16:33:21.170 [http-nio-8001-exec-8] DEBUG c.s.eduservice.mapper.EduTeacherMapper.selectList - <==      Total: 4
2020-05-21 16:57:46.894 [http-nio-8001-exec-7] DEBUG c.s.eduservice.mapper.EduCourseMapper.selectList - ==>  Preparing: SELECT id,teacher_id,subject_id,subject_parent_id,title,price,lesson_num,cover,buy_count,view_count,version,status,is_deleted,gmt_create,gmt_modified FROM edu_course WHERE is_deleted=0 ORDER BY id DESC limit 8 
2020-05-21 16:57:46.895 [http-nio-8001-exec-7] DEBUG c.s.eduservice.mapper.EduCourseMapper.selectList - ==> Parameters: 
2020-05-21 16:57:46.901 [http-nio-8001-exec-7] DEBUG c.s.eduservice.mapper.EduCourseMapper.selectList - <==      Total: 8
2020-05-21 16:57:46.909 [http-nio-8001-exec-7] DEBUG c.s.eduservice.mapper.EduTeacherMapper.selectList - ==>  Preparing: SELECT id,name,intro,career,level,avatar,sort,is_deleted,gmt_create,gmt_modified FROM edu_teacher WHERE is_deleted=0 ORDER BY id DESC limit 4 
2020-05-21 16:57:46.909 [http-nio-8001-exec-7] DEBUG c.s.eduservice.mapper.EduTeacherMapper.selectList - ==> Parameters: 
2020-05-21 16:57:46.911 [http-nio-8001-exec-7] DEBUG c.s.eduservice.mapper.EduTeacherMapper.selectList - <==      Total: 4
2020-05-21 16:57:49.244 [http-nio-8001-exec-9] DEBUG c.s.eduservice.mapper.EduCourseMapper.selectList - ==>  Preparing: SELECT id,teacher_id,subject_id,subject_parent_id,title,price,lesson_num,cover,buy_count,view_count,version,status,is_deleted,gmt_create,gmt_modified FROM edu_course WHERE is_deleted=0 ORDER BY id DESC limit 8 
2020-05-21 16:57:49.244 [http-nio-8001-exec-9] DEBUG c.s.eduservice.mapper.EduCourseMapper.selectList - ==> Parameters: 
2020-05-21 16:57:49.248 [http-nio-8001-exec-9] DEBUG c.s.eduservice.mapper.EduCourseMapper.selectList - <==      Total: 8
2020-05-21 16:57:49.250 [http-nio-8001-exec-9] DEBUG c.s.eduservice.mapper.EduTeacherMapper.selectList - ==>  Preparing: SELECT id,name,intro,career,level,avatar,sort,is_deleted,gmt_create,gmt_modified FROM edu_teacher WHERE is_deleted=0 ORDER BY id DESC limit 4 
2020-05-21 16:57:49.250 [http-nio-8001-exec-9] DEBUG c.s.eduservice.mapper.EduTeacherMapper.selectList - ==> Parameters: 
2020-05-21 16:57:49.252 [http-nio-8001-exec-9] DEBUG c.s.eduservice.mapper.EduTeacherMapper.selectList - <==      Total: 4
2020-05-21 17:00:25.858 [http-nio-8001-exec-10] DEBUG c.s.eduservice.mapper.EduCourseMapper.selectList - ==>  Preparing: SELECT id,teacher_id,subject_id,subject_parent_id,title,price,lesson_num,cover,buy_count,view_count,version,status,is_deleted,gmt_create,gmt_modified FROM edu_course WHERE is_deleted=0 ORDER BY id DESC limit 8 
2020-05-21 17:00:25.861 [http-nio-8001-exec-10] DEBUG c.s.eduservice.mapper.EduCourseMapper.selectList - ==> Parameters: 
2020-05-21 17:00:25.877 [http-nio-8001-exec-10] DEBUG c.s.eduservice.mapper.EduCourseMapper.selectList - <==      Total: 8
2020-05-21 17:00:25.892 [http-nio-8001-exec-10] DEBUG c.s.eduservice.mapper.EduTeacherMapper.selectList - ==>  Preparing: SELECT id,name,intro,career,level,avatar,sort,is_deleted,gmt_create,gmt_modified FROM edu_teacher WHERE is_deleted=0 ORDER BY id DESC limit 4 
2020-05-21 17:00:25.892 [http-nio-8001-exec-10] DEBUG c.s.eduservice.mapper.EduTeacherMapper.selectList - ==> Parameters: 
2020-05-21 17:00:25.899 [http-nio-8001-exec-10] DEBUG c.s.eduservice.mapper.EduTeacherMapper.selectList - <==      Total: 4
2020-05-21 17:01:10.201 [http-nio-8001-exec-1] DEBUG c.s.eduservice.mapper.EduCourseMapper.selectList - ==>  Preparing: SELECT id,teacher_id,subject_id,subject_parent_id,title,price,lesson_num,cover,buy_count,view_count,version,status,is_deleted,gmt_create,gmt_modified FROM edu_course WHERE is_deleted=0 ORDER BY id DESC limit 8 
2020-05-21 17:01:10.201 [http-nio-8001-exec-1] DEBUG c.s.eduservice.mapper.EduCourseMapper.selectList - ==> Parameters: 
2020-05-21 17:01:10.207 [http-nio-8001-exec-1] DEBUG c.s.eduservice.mapper.EduCourseMapper.selectList - <==      Total: 8
2020-05-21 17:01:10.210 [http-nio-8001-exec-1] DEBUG c.s.eduservice.mapper.EduTeacherMapper.selectList - ==>  Preparing: SELECT id,name,intro,career,level,avatar,sort,is_deleted,gmt_create,gmt_modified FROM edu_teacher WHERE is_deleted=0 ORDER BY id DESC limit 4 
2020-05-21 17:01:10.210 [http-nio-8001-exec-1] DEBUG c.s.eduservice.mapper.EduTeacherMapper.selectList - ==> Parameters: 
2020-05-21 17:01:10.215 [http-nio-8001-exec-1] DEBUG c.s.eduservice.mapper.EduTeacherMapper.selectList - <==      Total: 4
2020-05-21 17:01:13.952 [http-nio-8001-exec-2] DEBUG c.s.eduservice.mapper.EduCourseMapper.selectList - ==>  Preparing: SELECT id,teacher_id,subject_id,subject_parent_id,title,price,lesson_num,cover,buy_count,view_count,version,status,is_deleted,gmt_create,gmt_modified FROM edu_course WHERE is_deleted=0 ORDER BY id DESC limit 8 
2020-05-21 17:01:13.952 [http-nio-8001-exec-2] DEBUG c.s.eduservice.mapper.EduCourseMapper.selectList - ==> Parameters: 
2020-05-21 17:01:13.956 [http-nio-8001-exec-2] DEBUG c.s.eduservice.mapper.EduCourseMapper.selectList - <==      Total: 8
2020-05-21 17:01:13.962 [http-nio-8001-exec-2] DEBUG c.s.eduservice.mapper.EduTeacherMapper.selectList - ==>  Preparing: SELECT id,name,intro,career,level,avatar,sort,is_deleted,gmt_create,gmt_modified FROM edu_teacher WHERE is_deleted=0 ORDER BY id DESC limit 4 
2020-05-21 17:01:13.962 [http-nio-8001-exec-2] DEBUG c.s.eduservice.mapper.EduTeacherMapper.selectList - ==> Parameters: 
2020-05-21 17:01:13.964 [http-nio-8001-exec-2] DEBUG c.s.eduservice.mapper.EduTeacherMapper.selectList - <==      Total: 4
2020-05-21 17:01:24.023 [http-nio-8001-exec-3] DEBUG c.s.eduservice.mapper.EduCourseMapper.selectList - ==>  Preparing: SELECT id,teacher_id,subject_id,subject_parent_id,title,price,lesson_num,cover,buy_count,view_count,version,status,is_deleted,gmt_create,gmt_modified FROM edu_course WHERE is_deleted=0 ORDER BY id DESC limit 8 
2020-05-21 17:01:24.024 [http-nio-8001-exec-3] DEBUG c.s.eduservice.mapper.EduCourseMapper.selectList - ==> Parameters: 
2020-05-21 17:01:24.027 [http-nio-8001-exec-3] DEBUG c.s.eduservice.mapper.EduCourseMapper.selectList - <==      Total: 8
2020-05-21 17:01:24.032 [http-nio-8001-exec-3] DEBUG c.s.eduservice.mapper.EduTeacherMapper.selectList - ==>  Preparing: SELECT id,name,intro,career,level,avatar,sort,is_deleted,gmt_create,gmt_modified FROM edu_teacher WHERE is_deleted=0 ORDER BY id DESC limit 4 
2020-05-21 17:01:24.032 [http-nio-8001-exec-3] DEBUG c.s.eduservice.mapper.EduTeacherMapper.selectList - ==> Parameters: 
2020-05-21 17:01:24.034 [http-nio-8001-exec-3] DEBUG c.s.eduservice.mapper.EduTeacherMapper.selectList - <==      Total: 4
2020-05-21 17:01:59.580 [http-nio-8001-exec-4] DEBUG c.s.eduservice.mapper.EduCourseMapper.selectList - ==>  Preparing: SELECT id,teacher_id,subject_id,subject_parent_id,title,price,lesson_num,cover,buy_count,view_count,version,status,is_deleted,gmt_create,gmt_modified FROM edu_course WHERE is_deleted=0 ORDER BY id DESC limit 8 
2020-05-21 17:01:59.580 [http-nio-8001-exec-4] DEBUG c.s.eduservice.mapper.EduCourseMapper.selectList - ==> Parameters: 
2020-05-21 17:01:59.589 [http-nio-8001-exec-4] DEBUG c.s.eduservice.mapper.EduCourseMapper.selectList - <==      Total: 8
2020-05-21 17:01:59.608 [http-nio-8001-exec-4] DEBUG c.s.eduservice.mapper.EduTeacherMapper.selectList - ==>  Preparing: SELECT id,name,intro,career,level,avatar,sort,is_deleted,gmt_create,gmt_modified FROM edu_teacher WHERE is_deleted=0 ORDER BY id DESC limit 4 
2020-05-21 17:01:59.608 [http-nio-8001-exec-4] DEBUG c.s.eduservice.mapper.EduTeacherMapper.selectList - ==> Parameters: 
2020-05-21 17:01:59.611 [http-nio-8001-exec-4] DEBUG c.s.eduservice.mapper.EduTeacherMapper.selectList - <==      Total: 4
2020-05-21 17:02:28.875 [http-nio-8001-exec-5] DEBUG c.s.eduservice.mapper.EduCourseMapper.selectList - ==>  Preparing: SELECT id,teacher_id,subject_id,subject_parent_id,title,price,lesson_num,cover,buy_count,view_count,version,status,is_deleted,gmt_create,gmt_modified FROM edu_course WHERE is_deleted=0 ORDER BY id DESC limit 8 
2020-05-21 17:02:28.876 [http-nio-8001-exec-5] DEBUG c.s.eduservice.mapper.EduCourseMapper.selectList - ==> Parameters: 
2020-05-21 17:02:28.889 [http-nio-8001-exec-5] DEBUG c.s.eduservice.mapper.EduCourseMapper.selectList - <==      Total: 8
2020-05-21 17:02:28.893 [http-nio-8001-exec-5] DEBUG c.s.eduservice.mapper.EduTeacherMapper.selectList - ==>  Preparing: SELECT id,name,intro,career,level,avatar,sort,is_deleted,gmt_create,gmt_modified FROM edu_teacher WHERE is_deleted=0 ORDER BY id DESC limit 4 
2020-05-21 17:02:28.894 [http-nio-8001-exec-5] DEBUG c.s.eduservice.mapper.EduTeacherMapper.selectList - ==> Parameters: 
2020-05-21 17:02:28.897 [http-nio-8001-exec-5] DEBUG c.s.eduservice.mapper.EduTeacherMapper.selectList - <==      Total: 4
2020-05-21 17:02:32.024 [http-nio-8001-exec-8] DEBUG c.s.eduservice.mapper.EduCourseMapper.selectList - ==>  Preparing: SELECT id,teacher_id,subject_id,subject_parent_id,title,price,lesson_num,cover,buy_count,view_count,version,status,is_deleted,gmt_create,gmt_modified FROM edu_course WHERE is_deleted=0 ORDER BY id DESC limit 8 
2020-05-21 17:02:32.024 [http-nio-8001-exec-8] DEBUG c.s.eduservice.mapper.EduCourseMapper.selectList - ==> Parameters: 
2020-05-21 17:02:32.026 [http-nio-8001-exec-8] DEBUG c.s.eduservice.mapper.EduCourseMapper.selectList - <==      Total: 8
2020-05-21 17:02:32.029 [http-nio-8001-exec-8] DEBUG c.s.eduservice.mapper.EduTeacherMapper.selectList - ==>  Preparing: SELECT id,name,intro,career,level,avatar,sort,is_deleted,gmt_create,gmt_modified FROM edu_teacher WHERE is_deleted=0 ORDER BY id DESC limit 4 
2020-05-21 17:02:32.029 [http-nio-8001-exec-8] DEBUG c.s.eduservice.mapper.EduTeacherMapper.selectList - ==> Parameters: 
2020-05-21 17:02:32.032 [http-nio-8001-exec-8] DEBUG c.s.eduservice.mapper.EduTeacherMapper.selectList - <==      Total: 4
2020-05-21 17:02:50.735 [http-nio-8001-exec-7] DEBUG c.s.eduservice.mapper.EduCourseMapper.selectList - ==>  Preparing: SELECT id,teacher_id,subject_id,subject_parent_id,title,price,lesson_num,cover,buy_count,view_count,version,status,is_deleted,gmt_create,gmt_modified FROM edu_course WHERE is_deleted=0 ORDER BY id DESC limit 8 
2020-05-21 17:02:50.736 [http-nio-8001-exec-7] DEBUG c.s.eduservice.mapper.EduCourseMapper.selectList - ==> Parameters: 
2020-05-21 17:02:50.742 [http-nio-8001-exec-7] DEBUG c.s.eduservice.mapper.EduCourseMapper.selectList - <==      Total: 8
2020-05-21 17:02:50.744 [http-nio-8001-exec-7] DEBUG c.s.eduservice.mapper.EduTeacherMapper.selectList - ==>  Preparing: SELECT id,name,intro,career,level,avatar,sort,is_deleted,gmt_create,gmt_modified FROM edu_teacher WHERE is_deleted=0 ORDER BY id DESC limit 4 
2020-05-21 17:02:50.745 [http-nio-8001-exec-7] DEBUG c.s.eduservice.mapper.EduTeacherMapper.selectList - ==> Parameters: 
2020-05-21 17:02:50.746 [http-nio-8001-exec-7] DEBUG c.s.eduservice.mapper.EduTeacherMapper.selectList - <==      Total: 4
2020-05-21 17:02:51.129 [http-nio-8001-exec-6] DEBUG c.s.eduservice.mapper.EduCourseMapper.selectList - ==>  Preparing: SELECT id,teacher_id,subject_id,subject_parent_id,title,price,lesson_num,cover,buy_count,view_count,version,status,is_deleted,gmt_create,gmt_modified FROM edu_course WHERE is_deleted=0 ORDER BY id DESC limit 8 
2020-05-21 17:02:51.129 [http-nio-8001-exec-6] DEBUG c.s.eduservice.mapper.EduCourseMapper.selectList - ==> Parameters: 
2020-05-21 17:02:51.134 [http-nio-8001-exec-6] DEBUG c.s.eduservice.mapper.EduCourseMapper.selectList - <==      Total: 8
2020-05-21 17:02:51.139 [http-nio-8001-exec-6] DEBUG c.s.eduservice.mapper.EduTeacherMapper.selectList - ==>  Preparing: SELECT id,name,intro,career,level,avatar,sort,is_deleted,gmt_create,gmt_modified FROM edu_teacher WHERE is_deleted=0 ORDER BY id DESC limit 4 
2020-05-21 17:02:51.139 [http-nio-8001-exec-6] DEBUG c.s.eduservice.mapper.EduTeacherMapper.selectList - ==> Parameters: 
2020-05-21 17:02:51.141 [http-nio-8001-exec-6] DEBUG c.s.eduservice.mapper.EduTeacherMapper.selectList - <==      Total: 4
2020-05-21 17:03:22.779 [http-nio-8001-exec-9] DEBUG c.s.eduservice.mapper.EduCourseMapper.selectList - ==>  Preparing: SELECT id,teacher_id,subject_id,subject_parent_id,title,price,lesson_num,cover,buy_count,view_count,version,status,is_deleted,gmt_create,gmt_modified FROM edu_course WHERE is_deleted=0 ORDER BY id DESC limit 8 
2020-05-21 17:03:22.779 [http-nio-8001-exec-9] DEBUG c.s.eduservice.mapper.EduCourseMapper.selectList - ==> Parameters: 
2020-05-21 17:03:22.790 [http-nio-8001-exec-9] DEBUG c.s.eduservice.mapper.EduCourseMapper.selectList - <==      Total: 8
2020-05-21 17:03:22.806 [http-nio-8001-exec-9] DEBUG c.s.eduservice.mapper.EduTeacherMapper.selectList - ==>  Preparing: SELECT id,name,intro,career,level,avatar,sort,is_deleted,gmt_create,gmt_modified FROM edu_teacher WHERE is_deleted=0 ORDER BY id DESC limit 4 
2020-05-21 17:03:22.806 [http-nio-8001-exec-9] DEBUG c.s.eduservice.mapper.EduTeacherMapper.selectList - ==> Parameters: 
2020-05-21 17:03:22.815 [http-nio-8001-exec-9] DEBUG c.s.eduservice.mapper.EduTeacherMapper.selectList - <==      Total: 4
2020-05-21 17:03:23.259 [http-nio-8001-exec-1] DEBUG c.s.eduservice.mapper.EduCourseMapper.selectList - ==>  Preparing: SELECT id,teacher_id,subject_id,subject_parent_id,title,price,lesson_num,cover,buy_count,view_count,version,status,is_deleted,gmt_create,gmt_modified FROM edu_course WHERE is_deleted=0 ORDER BY id DESC limit 8 
2020-05-21 17:03:23.260 [http-nio-8001-exec-1] DEBUG c.s.eduservice.mapper.EduCourseMapper.selectList - ==> Parameters: 
2020-05-21 17:03:23.263 [http-nio-8001-exec-1] DEBUG c.s.eduservice.mapper.EduCourseMapper.selectList - <==      Total: 8
2020-05-21 17:03:23.266 [http-nio-8001-exec-1] DEBUG c.s.eduservice.mapper.EduTeacherMapper.selectList - ==>  Preparing: SELECT id,name,intro,career,level,avatar,sort,is_deleted,gmt_create,gmt_modified FROM edu_teacher WHERE is_deleted=0 ORDER BY id DESC limit 4 
2020-05-21 17:03:23.267 [http-nio-8001-exec-1] DEBUG c.s.eduservice.mapper.EduTeacherMapper.selectList - ==> Parameters: 
2020-05-21 17:03:23.269 [http-nio-8001-exec-1] DEBUG c.s.eduservice.mapper.EduTeacherMapper.selectList - <==      Total: 4
2020-05-21 17:03:27.751 [http-nio-8001-exec-2] DEBUG c.s.eduservice.mapper.EduCourseMapper.selectList - ==>  Preparing: SELECT id,teacher_id,subject_id,subject_parent_id,title,price,lesson_num,cover,buy_count,view_count,version,status,is_deleted,gmt_create,gmt_modified FROM edu_course WHERE is_deleted=0 ORDER BY id DESC limit 8 
2020-05-21 17:03:27.751 [http-nio-8001-exec-2] DEBUG c.s.eduservice.mapper.EduCourseMapper.selectList - ==> Parameters: 
2020-05-21 17:03:27.753 [http-nio-8001-exec-2] DEBUG c.s.eduservice.mapper.EduCourseMapper.selectList - <==      Total: 8
2020-05-21 17:03:27.755 [http-nio-8001-exec-2] DEBUG c.s.eduservice.mapper.EduTeacherMapper.selectList - ==>  Preparing: SELECT id,name,intro,career,level,avatar,sort,is_deleted,gmt_create,gmt_modified FROM edu_teacher WHERE is_deleted=0 ORDER BY id DESC limit 4 
2020-05-21 17:03:27.755 [http-nio-8001-exec-2] DEBUG c.s.eduservice.mapper.EduTeacherMapper.selectList - ==> Parameters: 
2020-05-21 17:03:27.757 [http-nio-8001-exec-2] DEBUG c.s.eduservice.mapper.EduTeacherMapper.selectList - <==      Total: 4
2020-05-21 17:03:29.146 [http-nio-8001-exec-3] DEBUG c.s.eduservice.mapper.EduCourseMapper.selectList - ==>  Preparing: SELECT id,teacher_id,subject_id,subject_parent_id,title,price,lesson_num,cover,buy_count,view_count,version,status,is_deleted,gmt_create,gmt_modified FROM edu_course WHERE is_deleted=0 ORDER BY id DESC limit 8 
2020-05-21 17:03:29.147 [http-nio-8001-exec-3] DEBUG c.s.eduservice.mapper.EduCourseMapper.selectList - ==> Parameters: 
2020-05-21 17:03:29.150 [http-nio-8001-exec-3] DEBUG c.s.eduservice.mapper.EduCourseMapper.selectList - <==      Total: 8
2020-05-21 17:03:29.155 [http-nio-8001-exec-3] DEBUG c.s.eduservice.mapper.EduTeacherMapper.selectList - ==>  Preparing: SELECT id,name,intro,career,level,avatar,sort,is_deleted,gmt_create,gmt_modified FROM edu_teacher WHERE is_deleted=0 ORDER BY id DESC limit 4 
2020-05-21 17:03:29.155 [http-nio-8001-exec-3] DEBUG c.s.eduservice.mapper.EduTeacherMapper.selectList - ==> Parameters: 
2020-05-21 17:03:29.159 [http-nio-8001-exec-3] DEBUG c.s.eduservice.mapper.EduTeacherMapper.selectList - <==      Total: 4
2020-05-21 17:04:02.431 [http-nio-8001-exec-4] DEBUG c.s.eduservice.mapper.EduCourseMapper.selectList - ==>  Preparing: SELECT id,teacher_id,subject_id,subject_parent_id,title,price,lesson_num,cover,buy_count,view_count,version,status,is_deleted,gmt_create,gmt_modified FROM edu_course WHERE is_deleted=0 ORDER BY id DESC limit 8 
2020-05-21 17:04:02.431 [http-nio-8001-exec-4] DEBUG c.s.eduservice.mapper.EduCourseMapper.selectList - ==> Parameters: 
2020-05-21 17:04:02.435 [http-nio-8001-exec-4] DEBUG c.s.eduservice.mapper.EduCourseMapper.selectList - <==      Total: 8
2020-05-21 17:04:02.438 [http-nio-8001-exec-4] DEBUG c.s.eduservice.mapper.EduTeacherMapper.selectList - ==>  Preparing: SELECT id,name,intro,career,level,avatar,sort,is_deleted,gmt_create,gmt_modified FROM edu_teacher WHERE is_deleted=0 ORDER BY id DESC limit 4 
2020-05-21 17:04:02.439 [http-nio-8001-exec-4] DEBUG c.s.eduservice.mapper.EduTeacherMapper.selectList - ==> Parameters: 
2020-05-21 17:04:02.442 [http-nio-8001-exec-4] DEBUG c.s.eduservice.mapper.EduTeacherMapper.selectList - <==      Total: 4
2020-05-21 17:05:12.340 [http-nio-8001-exec-5] DEBUG c.s.eduservice.mapper.EduCourseMapper.selectList - ==>  Preparing: SELECT id,teacher_id,subject_id,subject_parent_id,title,price,lesson_num,cover,buy_count,view_count,version,status,is_deleted,gmt_create,gmt_modified FROM edu_course WHERE is_deleted=0 ORDER BY id DESC limit 8 
2020-05-21 17:05:12.341 [http-nio-8001-exec-5] DEBUG c.s.eduservice.mapper.EduCourseMapper.selectList - ==> Parameters: 
2020-05-21 17:05:12.345 [http-nio-8001-exec-5] DEBUG c.s.eduservice.mapper.EduCourseMapper.selectList - <==      Total: 8
2020-05-21 17:05:12.349 [http-nio-8001-exec-5] DEBUG c.s.eduservice.mapper.EduTeacherMapper.selectList - ==>  Preparing: SELECT id,name,intro,career,level,avatar,sort,is_deleted,gmt_create,gmt_modified FROM edu_teacher WHERE is_deleted=0 ORDER BY id DESC limit 4 
2020-05-21 17:05:12.349 [http-nio-8001-exec-5] DEBUG c.s.eduservice.mapper.EduTeacherMapper.selectList - ==> Parameters: 
2020-05-21 17:05:12.351 [http-nio-8001-exec-5] DEBUG c.s.eduservice.mapper.EduTeacherMapper.selectList - <==      Total: 4
2020-05-21 19:39:15.598 [http-nio-8001-exec-5] DEBUG c.s.eduservice.mapper.EduTeacherMapper.selectPage - ==>  Preparing: SELECT COUNT(1) FROM edu_teacher WHERE is_deleted = 0 
2020-05-21 19:39:15.625 [http-nio-8001-exec-5] DEBUG c.s.eduservice.mapper.EduTeacherMapper.selectPage - ==> Parameters: 
2020-05-21 19:39:15.663 [http-nio-8001-exec-5] DEBUG c.s.eduservice.mapper.EduTeacherMapper.selectPage - ==>  Preparing: SELECT id,name,intro,career,level,avatar,sort,is_deleted,gmt_create,gmt_modified FROM edu_teacher WHERE is_deleted=0 ORDER BY id DESC LIMIT ?,? 
2020-05-21 19:39:15.666 [http-nio-8001-exec-5] DEBUG c.s.eduservice.mapper.EduTeacherMapper.selectPage - ==> Parameters: 0(Long), 5(Long)
2020-05-21 19:39:15.676 [http-nio-8001-exec-5] DEBUG c.s.eduservice.mapper.EduTeacherMapper.selectPage - <==      Total: 5
2020-05-21 20:43:56.167 [http-nio-8001-exec-7] DEBUG c.s.eduservice.mapper.EduTeacherMapper.selectPage - ==>  Preparing: SELECT COUNT(1) FROM edu_teacher WHERE is_deleted = 0 
2020-05-21 20:43:56.169 [http-nio-8001-exec-7] DEBUG c.s.eduservice.mapper.EduTeacherMapper.selectPage - ==> Parameters: 
2020-05-21 20:43:56.178 [http-nio-8001-exec-7] DEBUG c.s.eduservice.mapper.EduTeacherMapper.selectPage - ==>  Preparing: SELECT id,name,intro,career,level,avatar,sort,is_deleted,gmt_create,gmt_modified FROM edu_teacher WHERE is_deleted=0 ORDER BY id DESC LIMIT ?,? 
2020-05-21 20:43:56.179 [http-nio-8001-exec-7] DEBUG c.s.eduservice.mapper.EduTeacherMapper.selectPage - ==> Parameters: 0(Long), 8(Long)
2020-05-21 20:43:56.189 [http-nio-8001-exec-7] DEBUG c.s.eduservice.mapper.EduTeacherMapper.selectPage - <==      Total: 8
2020-05-21 20:45:49.145 [http-nio-8001-exec-5] DEBUG c.s.eduservice.mapper.EduCourseMapper.selectList - ==>  Preparing: SELECT id,teacher_id,subject_id,subject_parent_id,title,price,lesson_num,cover,buy_count,view_count,version,status,is_deleted,gmt_create,gmt_modified FROM edu_course WHERE is_deleted=0 ORDER BY id DESC limit 8 
2020-05-21 20:45:49.145 [http-nio-8001-exec-5] DEBUG c.s.eduservice.mapper.EduCourseMapper.selectList - ==> Parameters: 
2020-05-21 20:45:49.154 [http-nio-8001-exec-5] DEBUG c.s.eduservice.mapper.EduCourseMapper.selectList - <==      Total: 8
2020-05-21 20:45:49.166 [http-nio-8001-exec-5] DEBUG c.s.eduservice.mapper.EduTeacherMapper.selectList - ==>  Preparing: SELECT id,name,intro,career,level,avatar,sort,is_deleted,gmt_create,gmt_modified FROM edu_teacher WHERE is_deleted=0 ORDER BY id DESC limit 4 
2020-05-21 20:45:49.166 [http-nio-8001-exec-5] DEBUG c.s.eduservice.mapper.EduTeacherMapper.selectList - ==> Parameters: 
2020-05-21 20:45:49.175 [http-nio-8001-exec-5] DEBUG c.s.eduservice.mapper.EduTeacherMapper.selectList - <==      Total: 4
2020-05-21 20:45:49.957 [http-nio-8001-exec-2] DEBUG c.s.eduservice.mapper.EduTeacherMapper.selectPage - ==>  Preparing: SELECT COUNT(1) FROM edu_teacher WHERE is_deleted = 0 
2020-05-21 20:45:49.957 [http-nio-8001-exec-2] DEBUG c.s.eduservice.mapper.EduTeacherMapper.selectPage - ==> Parameters: 
2020-05-21 20:45:49.959 [http-nio-8001-exec-2] DEBUG c.s.eduservice.mapper.EduTeacherMapper.selectPage - ==>  Preparing: SELECT id,name,intro,career,level,avatar,sort,is_deleted,gmt_create,gmt_modified FROM edu_teacher WHERE is_deleted=0 ORDER BY id DESC LIMIT ?,? 
2020-05-21 20:45:49.959 [http-nio-8001-exec-2] DEBUG c.s.eduservice.mapper.EduTeacherMapper.selectPage - ==> Parameters: 0(Long), 8(Long)
2020-05-21 20:45:49.962 [http-nio-8001-exec-2] DEBUG c.s.eduservice.mapper.EduTeacherMapper.selectPage - <==      Total: 8
2020-05-21 20:48:56.020 [http-nio-8001-exec-1] DEBUG c.s.eduservice.mapper.EduTeacherMapper.selectPage - ==>  Preparing: SELECT COUNT(1) FROM edu_teacher WHERE is_deleted = 0 
2020-05-21 20:48:56.052 [http-nio-8001-exec-1] DEBUG c.s.eduservice.mapper.EduTeacherMapper.selectPage - ==> Parameters: 
2020-05-21 20:48:56.092 [http-nio-8001-exec-1] DEBUG c.s.eduservice.mapper.EduTeacherMapper.selectPage - ==>  Preparing: SELECT id,name,intro,career,level,avatar,sort,is_deleted,gmt_create,gmt_modified FROM edu_teacher WHERE is_deleted=0 ORDER BY id ASC LIMIT ?,? 
2020-05-21 20:48:56.093 [http-nio-8001-exec-1] DEBUG c.s.eduservice.mapper.EduTeacherMapper.selectPage - ==> Parameters: 0(Long), 8(Long)
2020-05-21 20:48:56.116 [http-nio-8001-exec-1] DEBUG c.s.eduservice.mapper.EduTeacherMapper.selectPage - <==      Total: 8
2020-05-21 20:48:56.970 [http-nio-8001-exec-2] DEBUG c.s.eduservice.mapper.EduTeacherMapper.selectPage - ==>  Preparing: SELECT COUNT(1) FROM edu_teacher WHERE is_deleted = 0 
2020-05-21 20:48:56.971 [http-nio-8001-exec-2] DEBUG c.s.eduservice.mapper.EduTeacherMapper.selectPage - ==> Parameters: 
2020-05-21 20:48:56.972 [http-nio-8001-exec-2] DEBUG c.s.eduservice.mapper.EduTeacherMapper.selectPage - ==>  Preparing: SELECT id,name,intro,career,level,avatar,sort,is_deleted,gmt_create,gmt_modified FROM edu_teacher WHERE is_deleted=0 ORDER BY id ASC LIMIT ?,? 
2020-05-21 20:48:56.973 [http-nio-8001-exec-2] DEBUG c.s.eduservice.mapper.EduTeacherMapper.selectPage - ==> Parameters: 0(Long), 8(Long)
2020-05-21 20:48:56.981 [http-nio-8001-exec-2] DEBUG c.s.eduservice.mapper.EduTeacherMapper.selectPage - <==      Total: 8
2020-05-21 20:50:24.387 [http-nio-8001-exec-1] DEBUG c.s.eduservice.mapper.EduTeacherMapper.selectPage - ==>  Preparing: SELECT COUNT(1) FROM edu_teacher WHERE is_deleted = 0 
2020-05-21 20:50:24.414 [http-nio-8001-exec-1] DEBUG c.s.eduservice.mapper.EduTeacherMapper.selectPage - ==> Parameters: 
2020-05-21 20:50:24.450 [http-nio-8001-exec-1] DEBUG c.s.eduservice.mapper.EduTeacherMapper.selectPage - ==>  Preparing: SELECT id,name,intro,career,level,avatar,sort,is_deleted,gmt_create,gmt_modified FROM edu_teacher WHERE is_deleted=0 ORDER BY id DESC LIMIT ?,? 
2020-05-21 20:50:24.453 [http-nio-8001-exec-1] DEBUG c.s.eduservice.mapper.EduTeacherMapper.selectPage - ==> Parameters: 0(Long), 8(Long)
2020-05-21 20:50:24.465 [http-nio-8001-exec-1] DEBUG c.s.eduservice.mapper.EduTeacherMapper.selectPage - <==      Total: 8
2020-05-21 20:50:24.959 [http-nio-8001-exec-2] DEBUG c.s.eduservice.mapper.EduTeacherMapper.selectPage - ==>  Preparing: SELECT COUNT(1) FROM edu_teacher WHERE is_deleted = 0 
2020-05-21 20:50:24.960 [http-nio-8001-exec-2] DEBUG c.s.eduservice.mapper.EduTeacherMapper.selectPage - ==> Parameters: 
2020-05-21 20:50:24.962 [http-nio-8001-exec-2] DEBUG c.s.eduservice.mapper.EduTeacherMapper.selectPage - ==>  Preparing: SELECT id,name,intro,career,level,avatar,sort,is_deleted,gmt_create,gmt_modified FROM edu_teacher WHERE is_deleted=0 ORDER BY id DESC LIMIT ?,? 
2020-05-21 20:50:24.963 [http-nio-8001-exec-2] DEBUG c.s.eduservice.mapper.EduTeacherMapper.selectPage - ==> Parameters: 0(Long), 8(Long)
2020-05-21 20:50:24.968 [http-nio-8001-exec-2] DEBUG c.s.eduservice.mapper.EduTeacherMapper.selectPage - <==      Total: 8
2020-05-21 21:02:59.144 [http-nio-8001-exec-3] DEBUG c.s.eduservice.mapper.EduTeacherMapper.selectPage - ==>  Preparing: SELECT COUNT(1) FROM edu_teacher WHERE is_deleted = 0 
2020-05-21 21:02:59.150 [http-nio-8001-exec-3] DEBUG c.s.eduservice.mapper.EduTeacherMapper.selectPage - ==> Parameters: 
2020-05-21 21:02:59.161 [http-nio-8001-exec-3] DEBUG c.s.eduservice.mapper.EduTeacherMapper.selectPage - ==>  Preparing: SELECT id,name,intro,career,level,avatar,sort,is_deleted,gmt_create,gmt_modified FROM edu_teacher WHERE is_deleted=0 ORDER BY id DESC LIMIT ?,? 
2020-05-21 21:02:59.161 [http-nio-8001-exec-3] DEBUG c.s.eduservice.mapper.EduTeacherMapper.selectPage - ==> Parameters: 0(Long), 8(Long)
2020-05-21 21:02:59.172 [http-nio-8001-exec-3] DEBUG c.s.eduservice.mapper.EduTeacherMapper.selectPage - <==      Total: 8
2020-05-21 21:03:01.171 [http-nio-8001-exec-5] DEBUG c.s.eduservice.mapper.EduCourseMapper.selectList - ==>  Preparing: SELECT id,teacher_id,subject_id,subject_parent_id,title,price,lesson_num,cover,buy_count,view_count,version,status,is_deleted,gmt_create,gmt_modified FROM edu_course WHERE is_deleted=0 ORDER BY id DESC limit 8 
2020-05-21 21:03:01.171 [http-nio-8001-exec-5] DEBUG c.s.eduservice.mapper.EduCourseMapper.selectList - ==> Parameters: 
2020-05-21 21:03:01.182 [http-nio-8001-exec-5] DEBUG c.s.eduservice.mapper.EduCourseMapper.selectList - <==      Total: 8
2020-05-21 21:03:01.187 [http-nio-8001-exec-5] DEBUG c.s.eduservice.mapper.EduTeacherMapper.selectList - ==>  Preparing: SELECT id,name,intro,career,level,avatar,sort,is_deleted,gmt_create,gmt_modified FROM edu_teacher WHERE is_deleted=0 ORDER BY id DESC limit 4 
2020-05-21 21:03:01.187 [http-nio-8001-exec-5] DEBUG c.s.eduservice.mapper.EduTeacherMapper.selectList - ==> Parameters: 
2020-05-21 21:03:01.191 [http-nio-8001-exec-5] DEBUG c.s.eduservice.mapper.EduTeacherMapper.selectList - <==      Total: 4
2020-05-21 21:03:01.869 [http-nio-8001-exec-7] DEBUG c.s.eduservice.mapper.EduTeacherMapper.selectPage - ==>  Preparing: SELECT COUNT(1) FROM edu_teacher WHERE is_deleted = 0 
2020-05-21 21:03:01.870 [http-nio-8001-exec-7] DEBUG c.s.eduservice.mapper.EduTeacherMapper.selectPage - ==> Parameters: 
2020-05-21 21:03:01.872 [http-nio-8001-exec-7] DEBUG c.s.eduservice.mapper.EduTeacherMapper.selectPage - ==>  Preparing: SELECT id,name,intro,career,level,avatar,sort,is_deleted,gmt_create,gmt_modified FROM edu_teacher WHERE is_deleted=0 ORDER BY id DESC LIMIT ?,? 
2020-05-21 21:03:01.872 [http-nio-8001-exec-7] DEBUG c.s.eduservice.mapper.EduTeacherMapper.selectPage - ==> Parameters: 0(Long), 8(Long)
2020-05-21 21:03:01.874 [http-nio-8001-exec-7] DEBUG c.s.eduservice.mapper.EduTeacherMapper.selectPage - <==      Total: 8
2020-05-21 21:15:32.904 [http-nio-8001-exec-8] DEBUG c.s.eduservice.mapper.EduTeacherMapper.selectPage - ==>  Preparing: SELECT COUNT(1) FROM edu_teacher WHERE is_deleted = 0 
2020-05-21 21:15:32.905 [http-nio-8001-exec-8] DEBUG c.s.eduservice.mapper.EduTeacherMapper.selectPage - ==> Parameters: 
2020-05-21 21:15:32.907 [http-nio-8001-exec-8] DEBUG c.s.eduservice.mapper.EduTeacherMapper.selectPage - ==>  Preparing: SELECT id,name,intro,career,level,avatar,sort,is_deleted,gmt_create,gmt_modified FROM edu_teacher WHERE is_deleted=0 ORDER BY id DESC LIMIT ?,? 
2020-05-21 21:15:32.907 [http-nio-8001-exec-8] DEBUG c.s.eduservice.mapper.EduTeacherMapper.selectPage - ==> Parameters: 0(Long), 8(Long)
2020-05-21 21:15:32.909 [http-nio-8001-exec-8] DEBUG c.s.eduservice.mapper.EduTeacherMapper.selectPage - <==      Total: 8
2020-05-21 21:15:33.744 [http-nio-8001-exec-10] DEBUG c.s.eduservice.mapper.EduTeacherMapper.selectPage - ==>  Preparing: SELECT COUNT(1) FROM edu_teacher WHERE is_deleted = 0 
2020-05-21 21:15:33.744 [http-nio-8001-exec-10] DEBUG c.s.eduservice.mapper.EduTeacherMapper.selectPage - ==> Parameters: 
2020-05-21 21:15:33.747 [http-nio-8001-exec-10] DEBUG c.s.eduservice.mapper.EduTeacherMapper.selectPage - ==>  Preparing: SELECT id,name,intro,career,level,avatar,sort,is_deleted,gmt_create,gmt_modified FROM edu_teacher WHERE is_deleted=0 ORDER BY id DESC LIMIT ?,? 
2020-05-21 21:15:33.748 [http-nio-8001-exec-10] DEBUG c.s.eduservice.mapper.EduTeacherMapper.selectPage - ==> Parameters: 0(Long), 8(Long)
2020-05-21 21:15:33.751 [http-nio-8001-exec-10] DEBUG c.s.eduservice.mapper.EduTeacherMapper.selectPage - <==      Total: 8
2020-05-21 21:15:36.844 [http-nio-8001-exec-1] DEBUG c.s.eduservice.mapper.EduTeacherMapper.selectPage - ==>  Preparing: SELECT COUNT(1) FROM edu_teacher WHERE is_deleted = 0 
2020-05-21 21:15:36.845 [http-nio-8001-exec-1] DEBUG c.s.eduservice.mapper.EduTeacherMapper.selectPage - ==> Parameters: 
2020-05-21 21:15:36.846 [http-nio-8001-exec-1] DEBUG c.s.eduservice.mapper.EduTeacherMapper.selectPage - ==>  Preparing: SELECT id,name,intro,career,level,avatar,sort,is_deleted,gmt_create,gmt_modified FROM edu_teacher WHERE is_deleted=0 ORDER BY id DESC LIMIT ?,? 
2020-05-21 21:15:36.847 [http-nio-8001-exec-1] DEBUG c.s.eduservice.mapper.EduTeacherMapper.selectPage - ==> Parameters: 0(Long), 8(Long)
2020-05-21 21:15:36.849 [http-nio-8001-exec-1] DEBUG c.s.eduservice.mapper.EduTeacherMapper.selectPage - <==      Total: 8
2020-05-21 21:15:40.193 [http-nio-8001-exec-3] DEBUG c.s.eduservice.mapper.EduTeacherMapper.selectPage - ==>  Preparing: SELECT COUNT(1) FROM edu_teacher WHERE is_deleted = 0 
2020-05-21 21:15:40.194 [http-nio-8001-exec-3] DEBUG c.s.eduservice.mapper.EduTeacherMapper.selectPage - ==> Parameters: 
2020-05-21 21:15:40.195 [http-nio-8001-exec-3] DEBUG c.s.eduservice.mapper.EduTeacherMapper.selectPage - ==>  Preparing: SELECT id,name,intro,career,level,avatar,sort,is_deleted,gmt_create,gmt_modified FROM edu_teacher WHERE is_deleted=0 ORDER BY id DESC LIMIT ?,? 
2020-05-21 21:15:40.196 [http-nio-8001-exec-3] DEBUG c.s.eduservice.mapper.EduTeacherMapper.selectPage - ==> Parameters: 8(Long), 8(Long)
2020-05-21 21:15:40.198 [http-nio-8001-exec-3] DEBUG c.s.eduservice.mapper.EduTeacherMapper.selectPage - <==      Total: 6
2020-05-21 21:15:42.090 [http-nio-8001-exec-4] DEBUG c.s.eduservice.mapper.EduTeacherMapper.selectPage - ==>  Preparing: SELECT COUNT(1) FROM edu_teacher WHERE is_deleted = 0 
2020-05-21 21:15:42.090 [http-nio-8001-exec-4] DEBUG c.s.eduservice.mapper.EduTeacherMapper.selectPage - ==> Parameters: 
2020-05-21 21:15:42.092 [http-nio-8001-exec-4] DEBUG c.s.eduservice.mapper.EduTeacherMapper.selectPage - ==>  Preparing: SELECT id,name,intro,career,level,avatar,sort,is_deleted,gmt_create,gmt_modified FROM edu_teacher WHERE is_deleted=0 ORDER BY id DESC LIMIT ?,? 
2020-05-21 21:15:42.092 [http-nio-8001-exec-4] DEBUG c.s.eduservice.mapper.EduTeacherMapper.selectPage - ==> Parameters: 8(Long), 8(Long)
2020-05-21 21:15:42.095 [http-nio-8001-exec-4] DEBUG c.s.eduservice.mapper.EduTeacherMapper.selectPage - <==      Total: 6
2020-05-21 21:15:42.456 [http-nio-8001-exec-5] DEBUG c.s.eduservice.mapper.EduTeacherMapper.selectPage - ==>  Preparing: SELECT COUNT(1) FROM edu_teacher WHERE is_deleted = 0 
2020-05-21 21:15:42.456 [http-nio-8001-exec-5] DEBUG c.s.eduservice.mapper.EduTeacherMapper.selectPage - ==> Parameters: 
2020-05-21 21:15:42.458 [http-nio-8001-exec-5] DEBUG c.s.eduservice.mapper.EduTeacherMapper.selectPage - ==>  Preparing: SELECT id,name,intro,career,level,avatar,sort,is_deleted,gmt_create,gmt_modified FROM edu_teacher WHERE is_deleted=0 ORDER BY id DESC LIMIT ?,? 
2020-05-21 21:15:42.459 [http-nio-8001-exec-5] DEBUG c.s.eduservice.mapper.EduTeacherMapper.selectPage - ==> Parameters: 8(Long), 8(Long)
2020-05-21 21:15:42.460 [http-nio-8001-exec-5] DEBUG c.s.eduservice.mapper.EduTeacherMapper.selectPage - <==      Total: 6
2020-05-21 21:15:42.588 [http-nio-8001-exec-6] DEBUG c.s.eduservice.mapper.EduTeacherMapper.selectPage - ==>  Preparing: SELECT COUNT(1) FROM edu_teacher WHERE is_deleted = 0 
2020-05-21 21:15:42.589 [http-nio-8001-exec-6] DEBUG c.s.eduservice.mapper.EduTeacherMapper.selectPage - ==> Parameters: 
2020-05-21 21:15:42.590 [http-nio-8001-exec-6] DEBUG c.s.eduservice.mapper.EduTeacherMapper.selectPage - ==>  Preparing: SELECT id,name,intro,career,level,avatar,sort,is_deleted,gmt_create,gmt_modified FROM edu_teacher WHERE is_deleted=0 ORDER BY id DESC LIMIT ?,? 
2020-05-21 21:15:42.590 [http-nio-8001-exec-6] DEBUG c.s.eduservice.mapper.EduTeacherMapper.selectPage - ==> Parameters: 8(Long), 8(Long)
2020-05-21 21:15:42.592 [http-nio-8001-exec-6] DEBUG c.s.eduservice.mapper.EduTeacherMapper.selectPage - <==      Total: 6
2020-05-21 21:15:53.469 [http-nio-8001-exec-7] DEBUG c.s.eduservice.mapper.EduTeacherMapper.selectPage - ==>  Preparing: SELECT COUNT(1) FROM edu_teacher WHERE is_deleted = 0 
2020-05-21 21:15:53.470 [http-nio-8001-exec-7] DEBUG c.s.eduservice.mapper.EduTeacherMapper.selectPage - ==> Parameters: 
2020-05-21 21:15:53.471 [http-nio-8001-exec-7] DEBUG c.s.eduservice.mapper.EduTeacherMapper.selectPage - ==>  Preparing: SELECT id,name,intro,career,level,avatar,sort,is_deleted,gmt_create,gmt_modified FROM edu_teacher WHERE is_deleted=0 ORDER BY id DESC LIMIT ?,? 
2020-05-21 21:15:53.471 [http-nio-8001-exec-7] DEBUG c.s.eduservice.mapper.EduTeacherMapper.selectPage - ==> Parameters: 8(Long), 8(Long)
2020-05-21 21:15:53.473 [http-nio-8001-exec-7] DEBUG c.s.eduservice.mapper.EduTeacherMapper.selectPage - <==      Total: 6
2020-05-21 21:15:54.183 [http-nio-8001-exec-8] DEBUG c.s.eduservice.mapper.EduTeacherMapper.selectPage - ==>  Preparing: SELECT COUNT(1) FROM edu_teacher WHERE is_deleted = 0 
2020-05-21 21:15:54.183 [http-nio-8001-exec-8] DEBUG c.s.eduservice.mapper.EduTeacherMapper.selectPage - ==> Parameters: 
2020-05-21 21:15:54.186 [http-nio-8001-exec-8] DEBUG c.s.eduservice.mapper.EduTeacherMapper.selectPage - ==>  Preparing: SELECT id,name,intro,career,level,avatar,sort,is_deleted,gmt_create,gmt_modified FROM edu_teacher WHERE is_deleted=0 ORDER BY id DESC LIMIT ?,? 
2020-05-21 21:15:54.186 [http-nio-8001-exec-8] DEBUG c.s.eduservice.mapper.EduTeacherMapper.selectPage - ==> Parameters: 8(Long), 8(Long)
2020-05-21 21:15:54.188 [http-nio-8001-exec-8] DEBUG c.s.eduservice.mapper.EduTeacherMapper.selectPage - <==      Total: 6
2020-05-21 21:15:55.165 [http-nio-8001-exec-10] DEBUG c.s.eduservice.mapper.EduTeacherMapper.selectPage - ==>  Preparing: SELECT COUNT(1) FROM edu_teacher WHERE is_deleted = 0 
2020-05-21 21:15:55.165 [http-nio-8001-exec-10] DEBUG c.s.eduservice.mapper.EduTeacherMapper.selectPage - ==> Parameters: 
2020-05-21 21:15:55.167 [http-nio-8001-exec-10] DEBUG c.s.eduservice.mapper.EduTeacherMapper.selectPage - ==>  Preparing: SELECT id,name,intro,career,level,avatar,sort,is_deleted,gmt_create,gmt_modified FROM edu_teacher WHERE is_deleted=0 ORDER BY id DESC LIMIT ?,? 
2020-05-21 21:15:55.167 [http-nio-8001-exec-10] DEBUG c.s.eduservice.mapper.EduTeacherMapper.selectPage - ==> Parameters: 0(Long), 8(Long)
2020-05-21 21:15:55.169 [http-nio-8001-exec-10] DEBUG c.s.eduservice.mapper.EduTeacherMapper.selectPage - <==      Total: 8
2020-05-21 21:15:59.711 [http-nio-8001-exec-1] DEBUG c.s.eduservice.mapper.EduTeacherMapper.selectPage - ==>  Preparing: SELECT COUNT(1) FROM edu_teacher WHERE is_deleted = 0 
2020-05-21 21:15:59.711 [http-nio-8001-exec-1] DEBUG c.s.eduservice.mapper.EduTeacherMapper.selectPage - ==> Parameters: 
2020-05-21 21:15:59.713 [http-nio-8001-exec-1] DEBUG c.s.eduservice.mapper.EduTeacherMapper.selectPage - ==>  Preparing: SELECT id,name,intro,career,level,avatar,sort,is_deleted,gmt_create,gmt_modified FROM edu_teacher WHERE is_deleted=0 ORDER BY id DESC LIMIT ?,? 
2020-05-21 21:15:59.713 [http-nio-8001-exec-1] DEBUG c.s.eduservice.mapper.EduTeacherMapper.selectPage - ==> Parameters: 8(Long), 8(Long)
2020-05-21 21:15:59.715 [http-nio-8001-exec-1] DEBUG c.s.eduservice.mapper.EduTeacherMapper.selectPage - <==      Total: 6
2020-05-21 21:16:29.599 [http-nio-8001-exec-2] DEBUG c.s.eduservice.mapper.EduTeacherMapper.selectPage - ==>  Preparing: SELECT COUNT(1) FROM edu_teacher WHERE is_deleted = 0 
2020-05-21 21:16:29.599 [http-nio-8001-exec-2] DEBUG c.s.eduservice.mapper.EduTeacherMapper.selectPage - ==> Parameters: 
2020-05-21 21:16:29.604 [http-nio-8001-exec-2] DEBUG c.s.eduservice.mapper.EduTeacherMapper.selectPage - ==>  Preparing: SELECT id,name,intro,career,level,avatar,sort,is_deleted,gmt_create,gmt_modified FROM edu_teacher WHERE is_deleted=0 ORDER BY id DESC LIMIT ?,? 
2020-05-21 21:16:29.605 [http-nio-8001-exec-2] DEBUG c.s.eduservice.mapper.EduTeacherMapper.selectPage - ==> Parameters: 0(Long), 8(Long)
2020-05-21 21:16:29.608 [http-nio-8001-exec-2] DEBUG c.s.eduservice.mapper.EduTeacherMapper.selectPage - <==      Total: 8
2020-05-21 21:16:41.599 [http-nio-8001-exec-3] DEBUG c.s.eduservice.mapper.EduTeacherMapper.selectPage - ==>  Preparing: SELECT COUNT(1) FROM edu_teacher WHERE is_deleted = 0 
2020-05-21 21:16:41.599 [http-nio-8001-exec-3] DEBUG c.s.eduservice.mapper.EduTeacherMapper.selectPage - ==> Parameters: 
2020-05-21 21:16:41.602 [http-nio-8001-exec-3] DEBUG c.s.eduservice.mapper.EduTeacherMapper.selectPage - ==>  Preparing: SELECT id,name,intro,career,level,avatar,sort,is_deleted,gmt_create,gmt_modified FROM edu_teacher WHERE is_deleted=0 ORDER BY id DESC LIMIT ?,? 
2020-05-21 21:16:41.602 [http-nio-8001-exec-3] DEBUG c.s.eduservice.mapper.EduTeacherMapper.selectPage - ==> Parameters: 8(Long), 8(Long)
2020-05-21 21:16:41.604 [http-nio-8001-exec-3] DEBUG c.s.eduservice.mapper.EduTeacherMapper.selectPage - <==      Total: 6
2020-05-21 21:19:29.733 [http-nio-8001-exec-4] DEBUG c.s.eduservice.mapper.EduTeacherMapper.selectPage - ==>  Preparing: SELECT COUNT(1) FROM edu_teacher WHERE is_deleted = 0 
2020-05-21 21:19:29.734 [http-nio-8001-exec-4] DEBUG c.s.eduservice.mapper.EduTeacherMapper.selectPage - ==> Parameters: 
2020-05-21 21:19:29.736 [http-nio-8001-exec-4] DEBUG c.s.eduservice.mapper.EduTeacherMapper.selectPage - ==>  Preparing: SELECT id,name,intro,career,level,avatar,sort,is_deleted,gmt_create,gmt_modified FROM edu_teacher WHERE is_deleted=0 ORDER BY id DESC LIMIT ?,? 
2020-05-21 21:19:29.737 [http-nio-8001-exec-4] DEBUG c.s.eduservice.mapper.EduTeacherMapper.selectPage - ==> Parameters: 0(Long), 8(Long)
2020-05-21 21:19:29.740 [http-nio-8001-exec-4] DEBUG c.s.eduservice.mapper.EduTeacherMapper.selectPage - <==      Total: 8
2020-05-21 21:19:35.623 [http-nio-8001-exec-5] DEBUG c.s.eduservice.mapper.EduTeacherMapper.selectPage - ==>  Preparing: SELECT COUNT(1) FROM edu_teacher WHERE is_deleted = 0 
2020-05-21 21:19:35.623 [http-nio-8001-exec-5] DEBUG c.s.eduservice.mapper.EduTeacherMapper.selectPage - ==> Parameters: 
2020-05-21 21:19:35.625 [http-nio-8001-exec-5] DEBUG c.s.eduservice.mapper.EduTeacherMapper.selectPage - ==>  Preparing: SELECT id,name,intro,career,level,avatar,sort,is_deleted,gmt_create,gmt_modified FROM edu_teacher WHERE is_deleted=0 ORDER BY id DESC LIMIT ?,? 
2020-05-21 21:19:35.625 [http-nio-8001-exec-5] DEBUG c.s.eduservice.mapper.EduTeacherMapper.selectPage - ==> Parameters: 8(Long), 8(Long)
2020-05-21 21:19:35.626 [http-nio-8001-exec-5] DEBUG c.s.eduservice.mapper.EduTeacherMapper.selectPage - <==      Total: 6
2020-05-21 21:19:40.541 [http-nio-8001-exec-6] DEBUG c.s.eduservice.mapper.EduTeacherMapper.selectPage - ==>  Preparing: SELECT COUNT(1) FROM edu_teacher WHERE is_deleted = 0 
2020-05-21 21:19:40.541 [http-nio-8001-exec-6] DEBUG c.s.eduservice.mapper.EduTeacherMapper.selectPage - ==> Parameters: 
2020-05-21 21:19:40.542 [http-nio-8001-exec-6] DEBUG c.s.eduservice.mapper.EduTeacherMapper.selectPage - ==>  Preparing: SELECT id,name,intro,career,level,avatar,sort,is_deleted,gmt_create,gmt_modified FROM edu_teacher WHERE is_deleted=0 ORDER BY id DESC LIMIT ?,? 
2020-05-21 21:19:40.543 [http-nio-8001-exec-6] DEBUG c.s.eduservice.mapper.EduTeacherMapper.selectPage - ==> Parameters: 0(Long), 8(Long)
2020-05-21 21:19:40.544 [http-nio-8001-exec-6] DEBUG c.s.eduservice.mapper.EduTeacherMapper.selectPage - <==      Total: 8
2020-05-21 21:19:43.514 [http-nio-8001-exec-7] DEBUG c.s.eduservice.mapper.EduTeacherMapper.selectPage - ==>  Preparing: SELECT COUNT(1) FROM edu_teacher WHERE is_deleted = 0 
2020-05-21 21:19:43.514 [http-nio-8001-exec-7] DEBUG c.s.eduservice.mapper.EduTeacherMapper.selectPage - ==> Parameters: 
2020-05-21 21:19:43.516 [http-nio-8001-exec-7] DEBUG c.s.eduservice.mapper.EduTeacherMapper.selectPage - ==>  Preparing: SELECT id,name,intro,career,level,avatar,sort,is_deleted,gmt_create,gmt_modified FROM edu_teacher WHERE is_deleted=0 ORDER BY id DESC LIMIT ?,? 
2020-05-21 21:19:43.517 [http-nio-8001-exec-7] DEBUG c.s.eduservice.mapper.EduTeacherMapper.selectPage - ==> Parameters: 8(Long), 8(Long)
2020-05-21 21:19:43.519 [http-nio-8001-exec-7] DEBUG c.s.eduservice.mapper.EduTeacherMapper.selectPage - <==      Total: 6
2020-05-21 21:19:44.762 [http-nio-8001-exec-8] DEBUG c.s.eduservice.mapper.EduTeacherMapper.selectPage - ==>  Preparing: SELECT COUNT(1) FROM edu_teacher WHERE is_deleted = 0 
2020-05-21 21:19:44.762 [http-nio-8001-exec-8] DEBUG c.s.eduservice.mapper.EduTeacherMapper.selectPage - ==> Parameters: 
2020-05-21 21:19:44.763 [http-nio-8001-exec-8] DEBUG c.s.eduservice.mapper.EduTeacherMapper.selectPage - ==>  Preparing: SELECT id,name,intro,career,level,avatar,sort,is_deleted,gmt_create,gmt_modified FROM edu_teacher WHERE is_deleted=0 ORDER BY id DESC LIMIT ?,? 
2020-05-21 21:19:44.764 [http-nio-8001-exec-8] DEBUG c.s.eduservice.mapper.EduTeacherMapper.selectPage - ==> Parameters: 0(Long), 8(Long)
2020-05-21 21:19:44.766 [http-nio-8001-exec-8] DEBUG c.s.eduservice.mapper.EduTeacherMapper.selectPage - <==      Total: 8
2020-05-21 21:38:55.812 [http-nio-8001-exec-10] DEBUG c.s.eduservice.mapper.EduTeacherMapper.selectPage - ==>  Preparing: SELECT COUNT(1) FROM edu_teacher WHERE is_deleted = 0 
2020-05-21 21:38:55.813 [http-nio-8001-exec-10] DEBUG c.s.eduservice.mapper.EduTeacherMapper.selectPage - ==> Parameters: 
2020-05-21 21:38:55.817 [http-nio-8001-exec-10] DEBUG c.s.eduservice.mapper.EduTeacherMapper.selectPage - ==>  Preparing: SELECT id,name,intro,career,level,avatar,sort,is_deleted,gmt_create,gmt_modified FROM edu_teacher WHERE is_deleted=0 ORDER BY id DESC LIMIT ?,? 
2020-05-21 21:38:55.817 [http-nio-8001-exec-10] DEBUG c.s.eduservice.mapper.EduTeacherMapper.selectPage - ==> Parameters: 0(Long), 8(Long)
2020-05-21 21:38:55.820 [http-nio-8001-exec-10] DEBUG c.s.eduservice.mapper.EduTeacherMapper.selectPage - <==      Total: 8
2020-05-21 22:37:21.475 [http-nio-8001-exec-2] DEBUG c.s.eduservice.mapper.EduTeacherMapper.selectPage - ==>  Preparing: SELECT COUNT(1) FROM edu_teacher WHERE is_deleted = 0 
2020-05-21 22:37:21.475 [http-nio-8001-exec-2] DEBUG c.s.eduservice.mapper.EduTeacherMapper.selectPage - ==> Parameters: 
2020-05-21 22:37:21.479 [http-nio-8001-exec-2] DEBUG c.s.eduservice.mapper.EduTeacherMapper.selectPage - ==>  Preparing: SELECT id,name,intro,career,level,avatar,sort,is_deleted,gmt_create,gmt_modified FROM edu_teacher WHERE is_deleted=0 ORDER BY id DESC LIMIT ?,? 
2020-05-21 22:37:21.479 [http-nio-8001-exec-2] DEBUG c.s.eduservice.mapper.EduTeacherMapper.selectPage - ==> Parameters: 0(Long), 8(Long)
2020-05-21 22:37:21.483 [http-nio-8001-exec-2] DEBUG c.s.eduservice.mapper.EduTeacherMapper.selectPage - <==      Total: 8
2020-05-21 22:38:30.326 [http-nio-8001-exec-1] DEBUG c.s.eduservice.mapper.EduTeacherMapper.selectById - ==>  Preparing: SELECT id,name,intro,career,level,avatar,sort,is_deleted,gmt_create,gmt_modified FROM edu_teacher WHERE id=? AND is_deleted=0 
2020-05-21 22:38:30.349 [http-nio-8001-exec-1] DEBUG c.s.eduservice.mapper.EduTeacherMapper.selectById - ==> Parameters: 1259163810602782721(String)
2020-05-21 22:38:30.382 [http-nio-8001-exec-1] DEBUG c.s.eduservice.mapper.EduTeacherMapper.selectById - <==      Total: 1
2020-05-21 22:38:30.453 [http-nio-8001-exec-1] DEBUG c.s.eduservice.mapper.EduCourseMapper.selectList - ==>  Preparing: SELECT id,teacher_id,subject_id,subject_parent_id,title,price,lesson_num,cover,buy_count,view_count,version,status,is_deleted,gmt_create,gmt_modified FROM edu_course WHERE is_deleted=0 AND (teacher_id = ?) 
2020-05-21 22:38:30.453 [http-nio-8001-exec-1] DEBUG c.s.eduservice.mapper.EduCourseMapper.selectList - ==> Parameters: 1259163810602782721(String)
2020-05-21 22:38:30.460 [http-nio-8001-exec-1] DEBUG c.s.eduservice.mapper.EduCourseMapper.selectList - <==      Total: 0
2020-05-21 22:39:50.609 [http-nio-8001-exec-3] DEBUG c.s.eduservice.mapper.EduTeacherMapper.selectPage - ==>  Preparing: SELECT COUNT(1) FROM edu_teacher WHERE is_deleted = 0 
2020-05-21 22:39:50.610 [http-nio-8001-exec-3] DEBUG c.s.eduservice.mapper.EduTeacherMapper.selectPage - ==> Parameters: 
2020-05-21 22:39:50.621 [http-nio-8001-exec-3] DEBUG c.s.eduservice.mapper.EduTeacherMapper.selectPage - ==>  Preparing: SELECT id,name,intro,career,level,avatar,sort,is_deleted,gmt_create,gmt_modified FROM edu_teacher WHERE is_deleted=0 ORDER BY id DESC LIMIT ?,? 
2020-05-21 22:39:50.621 [http-nio-8001-exec-3] DEBUG c.s.eduservice.mapper.EduTeacherMapper.selectPage - ==> Parameters: 8(Long), 8(Long)
2020-05-21 22:39:50.624 [http-nio-8001-exec-3] DEBUG c.s.eduservice.mapper.EduTeacherMapper.selectPage - <==      Total: 6
2020-05-21 22:39:52.407 [http-nio-8001-exec-4] DEBUG c.s.eduservice.mapper.EduTeacherMapper.selectById - ==>  Preparing: SELECT id,name,intro,career,level,avatar,sort,is_deleted,gmt_create,gmt_modified FROM edu_teacher WHERE id=? AND is_deleted=0 
2020-05-21 22:39:52.407 [http-nio-8001-exec-4] DEBUG c.s.eduservice.mapper.EduTeacherMapper.selectById - ==> Parameters: 1(String)
2020-05-21 22:39:52.410 [http-nio-8001-exec-4] DEBUG c.s.eduservice.mapper.EduTeacherMapper.selectById - <==      Total: 1
2020-05-21 22:39:52.414 [http-nio-8001-exec-4] DEBUG c.s.eduservice.mapper.EduCourseMapper.selectList - ==>  Preparing: SELECT id,teacher_id,subject_id,subject_parent_id,title,price,lesson_num,cover,buy_count,view_count,version,status,is_deleted,gmt_create,gmt_modified FROM edu_course WHERE is_deleted=0 AND (teacher_id = ?) 
2020-05-21 22:39:52.415 [http-nio-8001-exec-4] DEBUG c.s.eduservice.mapper.EduCourseMapper.selectList - ==> Parameters: 1(String)
2020-05-21 22:39:52.425 [http-nio-8001-exec-4] DEBUG c.s.eduservice.mapper.EduCourseMapper.selectList - <==      Total: 15
