2020-05-27 00:54:26.924 [http-nio-8001-exec-2] DEBUG c.s.eduservice.mapper.EduCourseMapper.selectPage - ==>  Preparing: SELECT COUNT(1) FROM edu_course WHERE is_deleted = 0 
2020-05-27 00:54:26.953 [http-nio-8001-exec-2] DEBUG c.s.eduservice.mapper.EduCourseMapper.selectPage - ==> Parameters: 
2020-05-27 00:54:27.024 [http-nio-8001-exec-2] DEBUG c.s.eduservice.mapper.EduCourseMapper.selectPage - ==>  Preparing: SELECT id,teacher_id,subject_id,subject_parent_id,title,price,lesson_num,cover,buy_count,view_count,version,status,is_deleted,gmt_create,gmt_modified FROM edu_course WHERE is_deleted=0 ORDER BY gmt_create DESC LIMIT ?,? 
2020-05-27 00:54:27.025 [http-nio-8001-exec-2] DEBUG c.s.eduservice.mapper.EduCourseMapper.selectPage - ==> Parameters: 0(Long), 5(Long)
2020-05-27 00:54:27.039 [http-nio-8001-exec-2] DEBUG c.s.eduservice.mapper.EduCourseMapper.selectPage - <==      Total: 5
2020-05-27 00:54:30.221 [http-nio-8001-exec-4] DEBUG c.s.eduservice.mapper.EduTeacherMapper.selectPage - ==>  Preparing: SELECT COUNT(1) FROM edu_teacher WHERE is_deleted = 0 
2020-05-27 00:54:30.222 [http-nio-8001-exec-4] DEBUG c.s.eduservice.mapper.EduTeacherMapper.selectPage - ==> Parameters: 
2020-05-27 00:54:30.256 [http-nio-8001-exec-4] DEBUG c.s.eduservice.mapper.EduTeacherMapper.selectPage - ==>  Preparing: SELECT id,name,intro,career,level,avatar,sort,is_deleted,gmt_create,gmt_modified FROM edu_teacher WHERE is_deleted=0 ORDER BY gmt_create DESC LIMIT ?,? 
2020-05-27 00:54:30.256 [http-nio-8001-exec-4] DEBUG c.s.eduservice.mapper.EduTeacherMapper.selectPage - ==> Parameters: 0(Long), 3(Long)
2020-05-27 00:54:30.259 [http-nio-8001-exec-4] DEBUG c.s.eduservice.mapper.EduTeacherMapper.selectPage - <==      Total: 3
2020-05-27 00:54:32.581 [http-nio-8001-exec-6] DEBUG c.s.eduservice.mapper.EduTeacherMapper.selectPage - ==>  Preparing: SELECT COUNT(1) FROM edu_teacher WHERE is_deleted = 0 
2020-05-27 00:54:32.581 [http-nio-8001-exec-6] DEBUG c.s.eduservice.mapper.EduTeacherMapper.selectPage - ==> Parameters: 
2020-05-27 00:54:32.583 [http-nio-8001-exec-6] DEBUG c.s.eduservice.mapper.EduTeacherMapper.selectPage - ==>  Preparing: SELECT id,name,intro,career,level,avatar,sort,is_deleted,gmt_create,gmt_modified FROM edu_teacher WHERE is_deleted=0 ORDER BY gmt_create DESC LIMIT ?,? 
2020-05-27 00:54:32.583 [http-nio-8001-exec-6] DEBUG c.s.eduservice.mapper.EduTeacherMapper.selectPage - ==> Parameters: 3(Long), 3(Long)
2020-05-27 00:54:32.585 [http-nio-8001-exec-6] DEBUG c.s.eduservice.mapper.EduTeacherMapper.selectPage - <==      Total: 3
2020-05-27 00:54:33.284 [http-nio-8001-exec-7] DEBUG c.s.eduservice.mapper.EduTeacherMapper.selectPage - ==>  Preparing: SELECT COUNT(1) FROM edu_teacher WHERE is_deleted = 0 
2020-05-27 00:54:33.284 [http-nio-8001-exec-7] DEBUG c.s.eduservice.mapper.EduTeacherMapper.selectPage - ==> Parameters: 
2020-05-27 00:54:33.286 [http-nio-8001-exec-7] DEBUG c.s.eduservice.mapper.EduTeacherMapper.selectPage - ==>  Preparing: SELECT id,name,intro,career,level,avatar,sort,is_deleted,gmt_create,gmt_modified FROM edu_teacher WHERE is_deleted=0 ORDER BY gmt_create DESC LIMIT ?,? 
2020-05-27 00:54:33.286 [http-nio-8001-exec-7] DEBUG c.s.eduservice.mapper.EduTeacherMapper.selectPage - ==> Parameters: 0(Long), 3(Long)
2020-05-27 00:54:33.288 [http-nio-8001-exec-7] DEBUG c.s.eduservice.mapper.EduTeacherMapper.selectPage - <==      Total: 3
2020-05-27 00:54:36.433 [http-nio-8001-exec-8] DEBUG c.s.eduservice.mapper.EduTeacherMapper.selectPage - ==>  Preparing: SELECT COUNT(1) FROM edu_teacher WHERE is_deleted = 0 
2020-05-27 00:54:36.433 [http-nio-8001-exec-8] DEBUG c.s.eduservice.mapper.EduTeacherMapper.selectPage - ==> Parameters: 
2020-05-27 00:54:36.434 [http-nio-8001-exec-8] DEBUG c.s.eduservice.mapper.EduTeacherMapper.selectPage - ==>  Preparing: SELECT id,name,intro,career,level,avatar,sort,is_deleted,gmt_create,gmt_modified FROM edu_teacher WHERE is_deleted=0 ORDER BY gmt_create DESC LIMIT ?,? 
2020-05-27 00:54:36.435 [http-nio-8001-exec-8] DEBUG c.s.eduservice.mapper.EduTeacherMapper.selectPage - ==> Parameters: 0(Long), 3(Long)
2020-05-27 00:54:36.436 [http-nio-8001-exec-8] DEBUG c.s.eduservice.mapper.EduTeacherMapper.selectPage - <==      Total: 3
2020-05-27 11:51:36.555 [http-nio-8001-exec-2] DEBUG c.s.eduservice.mapper.EduTeacherMapper.selectList - ==>  Preparing: SELECT id,name,intro,career,level,avatar,sort,is_deleted,gmt_create,gmt_modified FROM edu_teacher WHERE is_deleted=0 
2020-05-27 11:51:36.568 [http-nio-8001-exec-2] DEBUG c.s.eduservice.mapper.EduTeacherMapper.selectList - ==> Parameters: 
2020-05-27 11:51:36.645 [http-nio-8001-exec-2] DEBUG c.s.eduservice.mapper.EduTeacherMapper.selectList - <==      Total: 14
2020-05-27 11:51:49.184 [http-nio-8001-exec-4] DEBUG c.s.eduservice.mapper.EduTeacherMapper.selectList - ==>  Preparing: SELECT id,name,intro,career,level,avatar,sort,is_deleted,gmt_create,gmt_modified FROM edu_teacher WHERE is_deleted=0 
2020-05-27 11:51:49.184 [http-nio-8001-exec-4] DEBUG c.s.eduservice.mapper.EduTeacherMapper.selectList - ==> Parameters: 
2020-05-27 11:51:49.187 [http-nio-8001-exec-4] DEBUG c.s.eduservice.mapper.EduTeacherMapper.selectList - <==      Total: 14
2020-05-27 12:08:29.183 [http-nio-8001-exec-3] DEBUG c.s.eduservice.mapper.EduTeacherMapper.selectPage - ==>  Preparing: SELECT COUNT(1) FROM edu_teacher WHERE is_deleted = 0 
2020-05-27 12:08:29.186 [http-nio-8001-exec-3] DEBUG c.s.eduservice.mapper.EduTeacherMapper.selectPage - ==> Parameters: 
2020-05-27 12:08:29.201 [http-nio-8001-exec-3] DEBUG c.s.eduservice.mapper.EduTeacherMapper.selectPage - ==>  Preparing: SELECT id,name,intro,career,level,avatar,sort,is_deleted,gmt_create,gmt_modified FROM edu_teacher WHERE is_deleted=0 ORDER BY gmt_create DESC LIMIT ?,? 
2020-05-27 12:08:29.204 [http-nio-8001-exec-3] DEBUG c.s.eduservice.mapper.EduTeacherMapper.selectPage - ==> Parameters: 0(Long), 3(Long)
2020-05-27 12:08:29.213 [http-nio-8001-exec-3] DEBUG c.s.eduservice.mapper.EduTeacherMapper.selectPage - <==      Total: 3
2020-05-27 12:12:03.889 [http-nio-8001-exec-6] DEBUG c.s.eduservice.mapper.EduTeacherMapper.selectPage - ==>  Preparing: SELECT COUNT(1) FROM edu_teacher WHERE is_deleted = 0 
2020-05-27 12:12:03.889 [http-nio-8001-exec-6] DEBUG c.s.eduservice.mapper.EduTeacherMapper.selectPage - ==> Parameters: 
2020-05-27 12:12:03.895 [http-nio-8001-exec-6] DEBUG c.s.eduservice.mapper.EduTeacherMapper.selectPage - ==>  Preparing: SELECT id,name,intro,career,level,avatar,sort,is_deleted,gmt_create,gmt_modified FROM edu_teacher WHERE is_deleted=0 ORDER BY gmt_create DESC LIMIT ?,? 
2020-05-27 12:12:03.907 [http-nio-8001-exec-6] DEBUG c.s.eduservice.mapper.EduTeacherMapper.selectPage - ==> Parameters: 0(Long), 3(Long)
2020-05-27 12:12:03.919 [http-nio-8001-exec-6] DEBUG c.s.eduservice.mapper.EduTeacherMapper.selectPage - <==      Total: 3
2020-05-27 12:12:08.964 [http-nio-8001-exec-8] DEBUG c.s.eduservice.mapper.EduSubjectMapper.selectList - ==>  Preparing: SELECT id,title,parent_id,sort,gmt_create,gmt_modified FROM edu_subject WHERE (parent_id = ?) 
2020-05-27 12:12:08.968 [http-nio-8001-exec-8] DEBUG c.s.eduservice.mapper.EduSubjectMapper.selectList - ==> Parameters: 0(String)
2020-05-27 12:12:09.116 [http-nio-8001-exec-8] DEBUG c.s.eduservice.mapper.EduSubjectMapper.selectList - <==      Total: 9
2020-05-27 12:12:09.132 [http-nio-8001-exec-8] DEBUG c.s.eduservice.mapper.EduSubjectMapper.selectList - ==>  Preparing: SELECT id,title,parent_id,sort,gmt_create,gmt_modified FROM edu_subject WHERE (parent_id = ?) 
2020-05-27 12:12:09.132 [http-nio-8001-exec-8] DEBUG c.s.eduservice.mapper.EduSubjectMapper.selectList - ==> Parameters: 1178214681118568449(String)
2020-05-27 12:12:09.135 [http-nio-8001-exec-8] DEBUG c.s.eduservice.mapper.EduSubjectMapper.selectList - <==      Total: 5
2020-05-27 12:12:09.247 [http-nio-8001-exec-8] DEBUG c.s.eduservice.mapper.EduSubjectMapper.selectList - ==>  Preparing: SELECT id,title,parent_id,sort,gmt_create,gmt_modified FROM edu_subject WHERE (parent_id = ?) 
2020-05-27 12:12:09.248 [http-nio-8001-exec-8] DEBUG c.s.eduservice.mapper.EduSubjectMapper.selectList - ==> Parameters: 1178214681181483010(String)
2020-05-27 12:12:09.257 [http-nio-8001-exec-8] DEBUG c.s.eduservice.mapper.EduSubjectMapper.selectList - <==      Total: 5
2020-05-27 12:12:09.261 [http-nio-8001-exec-8] DEBUG c.s.eduservice.mapper.EduSubjectMapper.selectList - ==>  Preparing: SELECT id,title,parent_id,sort,gmt_create,gmt_modified FROM edu_subject WHERE (parent_id = ?) 
2020-05-27 12:12:09.261 [http-nio-8001-exec-8] DEBUG c.s.eduservice.mapper.EduSubjectMapper.selectList - ==> Parameters: 1178214681231814658(String)
2020-05-27 12:12:09.263 [http-nio-8001-exec-8] DEBUG c.s.eduservice.mapper.EduSubjectMapper.selectList - <==      Total: 0
2020-05-27 12:12:09.272 [http-nio-8001-exec-8] DEBUG c.s.eduservice.mapper.EduSubjectMapper.selectList - ==>  Preparing: SELECT id,title,parent_id,sort,gmt_create,gmt_modified FROM edu_subject WHERE (parent_id = ?) 
2020-05-27 12:12:09.273 [http-nio-8001-exec-8] DEBUG c.s.eduservice.mapper.EduSubjectMapper.selectList - ==> Parameters: 1178214681324089345(String)
2020-05-27 12:12:09.275 [http-nio-8001-exec-8] DEBUG c.s.eduservice.mapper.EduSubjectMapper.selectList - <==      Total: 2
2020-05-27 12:12:09.285 [http-nio-8001-exec-8] DEBUG c.s.eduservice.mapper.EduSubjectMapper.selectList - ==>  Preparing: SELECT id,title,parent_id,sort,gmt_create,gmt_modified FROM edu_subject WHERE (parent_id = ?) 
2020-05-27 12:12:09.286 [http-nio-8001-exec-8] DEBUG c.s.eduservice.mapper.EduSubjectMapper.selectList - ==> Parameters: 1178214681399586817(String)
2020-05-27 12:12:09.287 [http-nio-8001-exec-8] DEBUG c.s.eduservice.mapper.EduSubjectMapper.selectList - <==      Total: 2
2020-05-27 12:12:09.296 [http-nio-8001-exec-8] DEBUG c.s.eduservice.mapper.EduSubjectMapper.selectList - ==>  Preparing: SELECT id,title,parent_id,sort,gmt_create,gmt_modified FROM edu_subject WHERE (parent_id = ?) 
2020-05-27 12:12:09.298 [http-nio-8001-exec-8] DEBUG c.s.eduservice.mapper.EduSubjectMapper.selectList - ==> Parameters: 1178214681483472898(String)
2020-05-27 12:12:09.300 [http-nio-8001-exec-8] DEBUG c.s.eduservice.mapper.EduSubjectMapper.selectList - <==      Total: 2
2020-05-27 12:12:09.311 [http-nio-8001-exec-8] DEBUG c.s.eduservice.mapper.EduSubjectMapper.selectList - ==>  Preparing: SELECT id,title,parent_id,sort,gmt_create,gmt_modified FROM edu_subject WHERE (parent_id = ?) 
2020-05-27 12:12:09.314 [http-nio-8001-exec-8] DEBUG c.s.eduservice.mapper.EduSubjectMapper.selectList - ==> Parameters: 1178214681554776066(String)
2020-05-27 12:12:09.315 [http-nio-8001-exec-8] DEBUG c.s.eduservice.mapper.EduSubjectMapper.selectList - <==      Total: 1
2020-05-27 12:12:09.323 [http-nio-8001-exec-8] DEBUG c.s.eduservice.mapper.EduSubjectMapper.selectList - ==>  Preparing: SELECT id,title,parent_id,sort,gmt_create,gmt_modified FROM edu_subject WHERE (parent_id = ?) 
2020-05-27 12:12:09.323 [http-nio-8001-exec-8] DEBUG c.s.eduservice.mapper.EduSubjectMapper.selectList - ==> Parameters: 1178214681613496321(String)
2020-05-27 12:12:09.324 [http-nio-8001-exec-8] DEBUG c.s.eduservice.mapper.EduSubjectMapper.selectList - <==      Total: 0
2020-05-27 12:12:09.329 [http-nio-8001-exec-8] DEBUG c.s.eduservice.mapper.EduSubjectMapper.selectList - ==>  Preparing: SELECT id,title,parent_id,sort,gmt_create,gmt_modified FROM edu_subject WHERE (parent_id = ?) 
2020-05-27 12:12:09.330 [http-nio-8001-exec-8] DEBUG c.s.eduservice.mapper.EduSubjectMapper.selectList - ==> Parameters: 1259421696910192642(String)
2020-05-27 12:12:09.331 [http-nio-8001-exec-8] DEBUG c.s.eduservice.mapper.EduSubjectMapper.selectList - <==      Total: 5
2020-05-27 12:12:13.123 [http-nio-8001-exec-10] DEBUG c.s.eduservice.mapper.EduCourseMapper.selectPage - ==>  Preparing: SELECT COUNT(1) FROM edu_course WHERE is_deleted = 0 
2020-05-27 12:12:13.123 [http-nio-8001-exec-10] DEBUG c.s.eduservice.mapper.EduCourseMapper.selectPage - ==> Parameters: 
2020-05-27 12:12:13.131 [http-nio-8001-exec-10] DEBUG c.s.eduservice.mapper.EduCourseMapper.selectPage - ==>  Preparing: SELECT id,teacher_id,subject_id,subject_parent_id,title,price,lesson_num,cover,buy_count,view_count,version,status,is_deleted,gmt_create,gmt_modified FROM edu_course WHERE is_deleted=0 ORDER BY gmt_create DESC LIMIT ?,? 
2020-05-27 12:12:13.133 [http-nio-8001-exec-10] DEBUG c.s.eduservice.mapper.EduCourseMapper.selectPage - ==> Parameters: 0(Long), 5(Long)
2020-05-27 12:12:13.139 [http-nio-8001-exec-10] DEBUG c.s.eduservice.mapper.EduCourseMapper.selectPage - <==      Total: 5
2020-05-27 12:12:14.969 [http-nio-8001-exec-9] DEBUG c.s.eduservice.mapper.EduSubjectMapper.selectList - ==>  Preparing: SELECT id,title,parent_id,sort,gmt_create,gmt_modified FROM edu_subject WHERE (parent_id = ?) 
2020-05-27 12:12:14.970 [http-nio-8001-exec-9] DEBUG c.s.eduservice.mapper.EduSubjectMapper.selectList - ==> Parameters: 0(String)
2020-05-27 12:12:14.975 [http-nio-8001-exec-9] DEBUG c.s.eduservice.mapper.EduSubjectMapper.selectList - <==      Total: 9
2020-05-27 12:12:14.978 [http-nio-8001-exec-3] DEBUG c.s.eduservice.mapper.EduTeacherMapper.selectList - ==>  Preparing: SELECT id,name,intro,career,level,avatar,sort,is_deleted,gmt_create,gmt_modified FROM edu_teacher WHERE is_deleted=0 
2020-05-27 12:12:14.978 [http-nio-8001-exec-3] DEBUG c.s.eduservice.mapper.EduTeacherMapper.selectList - ==> Parameters: 
2020-05-27 12:12:14.986 [http-nio-8001-exec-9] DEBUG c.s.eduservice.mapper.EduSubjectMapper.selectList - ==>  Preparing: SELECT id,title,parent_id,sort,gmt_create,gmt_modified FROM edu_subject WHERE (parent_id = ?) 
2020-05-27 12:12:14.986 [http-nio-8001-exec-9] DEBUG c.s.eduservice.mapper.EduSubjectMapper.selectList - ==> Parameters: 1178214681118568449(String)
2020-05-27 12:12:14.988 [http-nio-8001-exec-9] DEBUG c.s.eduservice.mapper.EduSubjectMapper.selectList - <==      Total: 5
2020-05-27 12:12:14.988 [http-nio-8001-exec-3] DEBUG c.s.eduservice.mapper.EduTeacherMapper.selectList - <==      Total: 14
2020-05-27 12:12:14.994 [http-nio-8001-exec-9] DEBUG c.s.eduservice.mapper.EduSubjectMapper.selectList - ==>  Preparing: SELECT id,title,parent_id,sort,gmt_create,gmt_modified FROM edu_subject WHERE (parent_id = ?) 
2020-05-27 12:12:14.994 [http-nio-8001-exec-9] DEBUG c.s.eduservice.mapper.EduSubjectMapper.selectList - ==> Parameters: 1178214681181483010(String)
2020-05-27 12:12:14.996 [http-nio-8001-exec-9] DEBUG c.s.eduservice.mapper.EduSubjectMapper.selectList - <==      Total: 5
2020-05-27 12:12:15.004 [http-nio-8001-exec-9] DEBUG c.s.eduservice.mapper.EduSubjectMapper.selectList - ==>  Preparing: SELECT id,title,parent_id,sort,gmt_create,gmt_modified FROM edu_subject WHERE (parent_id = ?) 
2020-05-27 12:12:15.004 [http-nio-8001-exec-9] DEBUG c.s.eduservice.mapper.EduSubjectMapper.selectList - ==> Parameters: 1178214681231814658(String)
2020-05-27 12:12:15.006 [http-nio-8001-exec-9] DEBUG c.s.eduservice.mapper.EduSubjectMapper.selectList - <==      Total: 0
2020-05-27 12:12:15.015 [http-nio-8001-exec-9] DEBUG c.s.eduservice.mapper.EduSubjectMapper.selectList - ==>  Preparing: SELECT id,title,parent_id,sort,gmt_create,gmt_modified FROM edu_subject WHERE (parent_id = ?) 
2020-05-27 12:12:15.015 [http-nio-8001-exec-9] DEBUG c.s.eduservice.mapper.EduSubjectMapper.selectList - ==> Parameters: 1178214681324089345(String)
2020-05-27 12:12:15.017 [http-nio-8001-exec-9] DEBUG c.s.eduservice.mapper.EduSubjectMapper.selectList - <==      Total: 2
2020-05-27 12:12:15.028 [http-nio-8001-exec-9] DEBUG c.s.eduservice.mapper.EduSubjectMapper.selectList - ==>  Preparing: SELECT id,title,parent_id,sort,gmt_create,gmt_modified FROM edu_subject WHERE (parent_id = ?) 
2020-05-27 12:12:15.028 [http-nio-8001-exec-9] DEBUG c.s.eduservice.mapper.EduSubjectMapper.selectList - ==> Parameters: 1178214681399586817(String)
2020-05-27 12:12:15.029 [http-nio-8001-exec-9] DEBUG c.s.eduservice.mapper.EduSubjectMapper.selectList - <==      Total: 2
2020-05-27 12:12:15.041 [http-nio-8001-exec-9] DEBUG c.s.eduservice.mapper.EduSubjectMapper.selectList - ==>  Preparing: SELECT id,title,parent_id,sort,gmt_create,gmt_modified FROM edu_subject WHERE (parent_id = ?) 
2020-05-27 12:12:15.041 [http-nio-8001-exec-9] DEBUG c.s.eduservice.mapper.EduSubjectMapper.selectList - ==> Parameters: 1178214681483472898(String)
2020-05-27 12:12:15.044 [http-nio-8001-exec-9] DEBUG c.s.eduservice.mapper.EduSubjectMapper.selectList - <==      Total: 2
2020-05-27 12:12:15.047 [http-nio-8001-exec-9] DEBUG c.s.eduservice.mapper.EduSubjectMapper.selectList - ==>  Preparing: SELECT id,title,parent_id,sort,gmt_create,gmt_modified FROM edu_subject WHERE (parent_id = ?) 
2020-05-27 12:12:15.047 [http-nio-8001-exec-9] DEBUG c.s.eduservice.mapper.EduSubjectMapper.selectList - ==> Parameters: 1178214681554776066(String)
2020-05-27 12:12:15.049 [http-nio-8001-exec-9] DEBUG c.s.eduservice.mapper.EduSubjectMapper.selectList - <==      Total: 1
2020-05-27 12:12:15.059 [http-nio-8001-exec-9] DEBUG c.s.eduservice.mapper.EduSubjectMapper.selectList - ==>  Preparing: SELECT id,title,parent_id,sort,gmt_create,gmt_modified FROM edu_subject WHERE (parent_id = ?) 
2020-05-27 12:12:15.059 [http-nio-8001-exec-9] DEBUG c.s.eduservice.mapper.EduSubjectMapper.selectList - ==> Parameters: 1178214681613496321(String)
2020-05-27 12:12:15.061 [http-nio-8001-exec-9] DEBUG c.s.eduservice.mapper.EduSubjectMapper.selectList - <==      Total: 0
2020-05-27 12:12:15.069 [http-nio-8001-exec-9] DEBUG c.s.eduservice.mapper.EduSubjectMapper.selectList - ==>  Preparing: SELECT id,title,parent_id,sort,gmt_create,gmt_modified FROM edu_subject WHERE (parent_id = ?) 
2020-05-27 12:12:15.070 [http-nio-8001-exec-9] DEBUG c.s.eduservice.mapper.EduSubjectMapper.selectList - ==> Parameters: 1259421696910192642(String)
2020-05-27 12:12:15.072 [http-nio-8001-exec-9] DEBUG c.s.eduservice.mapper.EduSubjectMapper.selectList - <==      Total: 5
2020-05-27 12:12:23.562 [http-nio-8001-exec-4] DEBUG c.s.eduservice.mapper.EduSubjectMapper.selectList - ==>  Preparing: SELECT id,title,parent_id,sort,gmt_create,gmt_modified FROM edu_subject WHERE (parent_id = ?) 
2020-05-27 12:12:23.563 [http-nio-8001-exec-4] DEBUG c.s.eduservice.mapper.EduSubjectMapper.selectList - ==> Parameters: 0(String)
2020-05-27 12:12:23.569 [http-nio-8001-exec-4] DEBUG c.s.eduservice.mapper.EduSubjectMapper.selectList - <==      Total: 9
2020-05-27 12:12:23.580 [http-nio-8001-exec-4] DEBUG c.s.eduservice.mapper.EduSubjectMapper.selectList - ==>  Preparing: SELECT id,title,parent_id,sort,gmt_create,gmt_modified FROM edu_subject WHERE (parent_id = ?) 
2020-05-27 12:12:23.580 [http-nio-8001-exec-4] DEBUG c.s.eduservice.mapper.EduSubjectMapper.selectList - ==> Parameters: 1178214681118568449(String)
2020-05-27 12:12:23.583 [http-nio-8001-exec-4] DEBUG c.s.eduservice.mapper.EduSubjectMapper.selectList - <==      Total: 5
2020-05-27 12:12:23.587 [http-nio-8001-exec-4] DEBUG c.s.eduservice.mapper.EduSubjectMapper.selectList - ==>  Preparing: SELECT id,title,parent_id,sort,gmt_create,gmt_modified FROM edu_subject WHERE (parent_id = ?) 
2020-05-27 12:12:23.587 [http-nio-8001-exec-4] DEBUG c.s.eduservice.mapper.EduSubjectMapper.selectList - ==> Parameters: 1178214681181483010(String)
2020-05-27 12:12:23.589 [http-nio-8001-exec-4] DEBUG c.s.eduservice.mapper.EduSubjectMapper.selectList - <==      Total: 5
2020-05-27 12:12:23.595 [http-nio-8001-exec-4] DEBUG c.s.eduservice.mapper.EduSubjectMapper.selectList - ==>  Preparing: SELECT id,title,parent_id,sort,gmt_create,gmt_modified FROM edu_subject WHERE (parent_id = ?) 
2020-05-27 12:12:23.596 [http-nio-8001-exec-4] DEBUG c.s.eduservice.mapper.EduSubjectMapper.selectList - ==> Parameters: 1178214681231814658(String)
2020-05-27 12:12:23.596 [http-nio-8001-exec-4] DEBUG c.s.eduservice.mapper.EduSubjectMapper.selectList - <==      Total: 0
2020-05-27 12:12:23.603 [http-nio-8001-exec-4] DEBUG c.s.eduservice.mapper.EduSubjectMapper.selectList - ==>  Preparing: SELECT id,title,parent_id,sort,gmt_create,gmt_modified FROM edu_subject WHERE (parent_id = ?) 
2020-05-27 12:12:23.603 [http-nio-8001-exec-4] DEBUG c.s.eduservice.mapper.EduSubjectMapper.selectList - ==> Parameters: 1178214681324089345(String)
2020-05-27 12:12:23.604 [http-nio-8001-exec-4] DEBUG c.s.eduservice.mapper.EduSubjectMapper.selectList - <==      Total: 2
2020-05-27 12:12:23.614 [http-nio-8001-exec-4] DEBUG c.s.eduservice.mapper.EduSubjectMapper.selectList - ==>  Preparing: SELECT id,title,parent_id,sort,gmt_create,gmt_modified FROM edu_subject WHERE (parent_id = ?) 
2020-05-27 12:12:23.616 [http-nio-8001-exec-4] DEBUG c.s.eduservice.mapper.EduSubjectMapper.selectList - ==> Parameters: 1178214681399586817(String)
2020-05-27 12:12:23.620 [http-nio-8001-exec-4] DEBUG c.s.eduservice.mapper.EduSubjectMapper.selectList - <==      Total: 2
2020-05-27 12:12:23.630 [http-nio-8001-exec-4] DEBUG c.s.eduservice.mapper.EduSubjectMapper.selectList - ==>  Preparing: SELECT id,title,parent_id,sort,gmt_create,gmt_modified FROM edu_subject WHERE (parent_id = ?) 
2020-05-27 12:12:23.630 [http-nio-8001-exec-4] DEBUG c.s.eduservice.mapper.EduSubjectMapper.selectList - ==> Parameters: 1178214681483472898(String)
2020-05-27 12:12:23.631 [http-nio-8001-exec-4] DEBUG c.s.eduservice.mapper.EduSubjectMapper.selectList - <==      Total: 2
2020-05-27 12:12:23.643 [http-nio-8001-exec-4] DEBUG c.s.eduservice.mapper.EduSubjectMapper.selectList - ==>  Preparing: SELECT id,title,parent_id,sort,gmt_create,gmt_modified FROM edu_subject WHERE (parent_id = ?) 
2020-05-27 12:12:23.643 [http-nio-8001-exec-4] DEBUG c.s.eduservice.mapper.EduSubjectMapper.selectList - ==> Parameters: 1178214681554776066(String)
2020-05-27 12:12:23.644 [http-nio-8001-exec-4] DEBUG c.s.eduservice.mapper.EduSubjectMapper.selectList - <==      Total: 1
2020-05-27 12:12:23.654 [http-nio-8001-exec-4] DEBUG c.s.eduservice.mapper.EduSubjectMapper.selectList - ==>  Preparing: SELECT id,title,parent_id,sort,gmt_create,gmt_modified FROM edu_subject WHERE (parent_id = ?) 
2020-05-27 12:12:23.655 [http-nio-8001-exec-4] DEBUG c.s.eduservice.mapper.EduSubjectMapper.selectList - ==> Parameters: 1178214681613496321(String)
2020-05-27 12:12:23.655 [http-nio-8001-exec-4] DEBUG c.s.eduservice.mapper.EduSubjectMapper.selectList - <==      Total: 0
2020-05-27 12:12:23.662 [http-nio-8001-exec-4] DEBUG c.s.eduservice.mapper.EduSubjectMapper.selectList - ==>  Preparing: SELECT id,title,parent_id,sort,gmt_create,gmt_modified FROM edu_subject WHERE (parent_id = ?) 
2020-05-27 12:12:23.663 [http-nio-8001-exec-4] DEBUG c.s.eduservice.mapper.EduSubjectMapper.selectList - ==> Parameters: 1259421696910192642(String)
2020-05-27 12:12:23.664 [http-nio-8001-exec-4] DEBUG c.s.eduservice.mapper.EduSubjectMapper.selectList - <==      Total: 5
